#
# There is insufficient memory for the Java Runtime Environment to continue.
# Native memory allocation (mmap) failed to map 400556032 bytes for committing reserved memory.
# Possible reasons:
#   The system is out of physical RAM or swap space
#   In 32 bit mode, the process size limit was hit
# Possible solutions:
#   Reduce memory load on the system
#   Increase physical memory or swap space
#   Check if swap backing store is full
#   Use 64 bit Java on a 64 bit OS
#   Decrease Java heap size (-Xmx/-Xms)
#   Decrease number of Java threads
#   Decrease Java thread stack sizes (-Xss)
#   Set larger code cache with -XX:ReservedCodeCacheSize=
# This output file may be truncated or incomplete.
#
#  Out of Memory Error (os_linux.cpp:2643), pid=11636, tid=0x00007f063eef6700
#
# JRE version: OpenJDK Runtime Environment (8.0_162-b12) (build 1.8.0_162-8u162-b12-1-b12)
# Java VM: OpenJDK 64-Bit Server VM (25.162-b12 mixed mode linux-amd64 compressed oops)
# Failed to write core dump. Core dumps have been disabled. To enable core dumping, try "ulimit -c unlimited" before starting Java again
#

---------------  T H R E A D  ---------------

Current thread (0x00007f065c079000):  VMThread [stack: 0x00007f063edf7000,0x00007f063eef7000] [id=11648]

Stack: [0x00007f063edf7000,0x00007f063eef7000],  sp=0x00007f063eef5440,  free space=1017k
Native frames: (J=compiled Java code, j=interpreted, Vv=VM code, C=native code)
V  [libjvm.so+0xaaa522]
V  [libjvm.so+0x4d7a77]
V  [libjvm.so+0x8e5bb0]
V  [libjvm.so+0x8e010e]
V  [libjvm.so+0x960926]
V  [libjvm.so+0x94f59a]
V  [libjvm.so+0x94f768]
V  [libjvm.so+0x950370]
V  [libjvm.so+0x95670c]
V  [libjvm.so+0x95e7f5]
V  [libjvm.so+0x90ce68]
V  [libjvm.so+0xaac1e2]
V  [libjvm.so+0xab0dc6]
V  [libjvm.so+0xaaf065]
V  [libjvm.so+0xaaf9dd]
V  [libjvm.so+0xaafdb7]
V  [libjvm.so+0x8e3002]

VM_Operation (0x00007f0663d16640): ParallelGCFailedAllocation, mode: safepoint, requested by thread 0x00007f065c00b000


---------------  P R O C E S S  ---------------

Java Threads: ( => current thread )
  0x00007f065c0bb800 JavaThread "Service Thread" daemon [_thread_blocked, id=11655, stack(0x00007f063e2de000,0x00007f063e3df000)]
  0x00007f065c0b4000 JavaThread "C1 CompilerThread2" daemon [_thread_blocked, id=11654, stack(0x00007f063e3e0000,0x00007f063e4e0000)]
  0x00007f065c0b2800 JavaThread "C2 CompilerThread1" daemon [_thread_blocked, id=11653, stack(0x00007f063e4e1000,0x00007f063e5e1000)]
  0x00007f065c0af800 JavaThread "C2 CompilerThread0" daemon [_thread_blocked, id=11652, stack(0x00007f063e5e2000,0x00007f063e6e2000)]
  0x00007f065c0ad800 JavaThread "Signal Dispatcher" daemon [_thread_blocked, id=11651, stack(0x00007f063e6e2000,0x00007f063e7e3000)]
  0x00007f065c085000 JavaThread "Finalizer" daemon [_thread_blocked, id=11650, stack(0x00007f063ebf4000,0x00007f063ecf5000)]
  0x00007f065c080800 JavaThread "Reference Handler" daemon [_thread_blocked, id=11649, stack(0x00007f063ecf5000,0x00007f063edf6000)]
  0x00007f065c00b000 JavaThread "main" [_thread_blocked, id=11643, stack(0x00007f0663c18000,0x00007f0663d18000)]

Other Threads:
=>0x00007f065c079000 VMThread [stack: 0x00007f063edf7000,0x00007f063eef7000] [id=11648]
  0x00007f065c0be000 WatcherThread [stack: 0x00007f063e1de000,0x00007f063e2de000] [id=11656]

VM state:at safepoint (normal execution)

VM Mutex/Monitor currently owned by a thread:  ([mutex/lock_event])
[0x00007f065c0074f0] ExpandHeap_lock - owner thread: 0x00007f065c079000
[0x00007f065c007b70] Threads_lock - owner thread: 0x00007f065c079000
[0x00007f065c008070] Heap_lock - owner thread: 0x00007f065c00b000

Heap:
 PSYoungGen      total 358912K, used 162145K [0x00000000d9580000, 0x00000000ffd00000, 0x0000000100000000)
  eden space 147968K, 0% used [0x00000000d9580000,0x00000000d9580000,0x00000000e2600000)
  from space 210944K, 76% used [0x00000000e2600000,0x00000000ec458600,0x00000000ef400000)
  to   space 210944K, 0% used [0x00000000f2f00000,0x00000000f2f00000,0x00000000ffd00000)
 ParOldGen       total 775168K, used 775041K [0x000000008c000000, 0x00000000bb500000, 0x00000000d9580000)
  object space 775168K, 99% used [0x000000008c000000,0x00000000bb4e05e0,0x00000000bb500000)
 Metaspace       used 3817K, capacity 4710K, committed 4864K, reserved 1056768K
  class space    used 414K, capacity 462K, committed 512K, reserved 1048576K

Card table byte_map: [0x00007f064cc5f000,0x00007f064d000000] byte_map_base: 0x00007f064c7ff000

Marking Bits: (ParMarkBitMap*) 0x00007f0662e82120
 Begin Bits: [0x00007f0644600000, 0x00007f0646300000)
 End Bits:   [0x00007f0646300000, 0x00007f0648000000)

Polling page: 0x00007f0663c16000

CodeCache: size=245760Kb used=1560Kb max_used=1573Kb free=244199Kb
 bounds [0x00007f064d000000, 0x00007f064d270000, 0x00007f065c000000]
 total_blobs=526 nmethods=266 adapters=176
 compilation: enabled

Compilation events (10 events):
Event: 0,575 Thread 0x00007f065c0b2800  262       4       java.util.LinkedList::addFirst (6 bytes)
Event: 0,575 Thread 0x00007f065c0af800  263       4       java.util.LinkedList::linkFirst (59 bytes)
Event: 0,576 Thread 0x00007f065c0b2800 nmethod 262 0x00007f064d181810 code [0x00007f064d181960, 0x00007f064d181a98]
Event: 0,577 Thread 0x00007f065c0af800 nmethod 263 0x00007f064d184990 code [0x00007f064d184ae0, 0x00007f064d184c18]
Event: 0,587 Thread 0x00007f065c0b4000  264 %     3       roadgraph.MapGraph::buildPath @ 31 (70 bytes)
Event: 0,588 Thread 0x00007f065c0b4000 nmethod 264% 0x00007f064d182e90 code [0x00007f064d1830a0, 0x00007f064d183b68]
Event: 0,588 Thread 0x00007f065c0b4000  265       3       roadgraph.MapGraph::buildPath (70 bytes)
Event: 0,589 Thread 0x00007f065c0b4000 nmethod 265 0x00007f064d186910 code [0x00007f064d186b20, 0x00007f064d187548]
Event: 0,591 Thread 0x00007f065c0b2800  266 %     4       roadgraph.MapGraph::buildPath @ 31 (70 bytes)
Event: 0,603 Thread 0x00007f065c0b2800 nmethod 266% 0x00007f064d189890 code [0x00007f064d189a60, 0x00007f064d18a1b8]

GC Heap History (10 events):
Event: 14,861 GC heap after
Heap after GC invocations=11 (full 3):
 PSYoungGen      total 282112K, used 166400K [0x00000000d9580000, 0x00000000fd880000, 0x0000000100000000)
  eden space 115712K, 0% used [0x00000000d9580000,0x00000000d9580000,0x00000000e0680000)
  from space 166400K, 100% used [0x00000000ed480000,0x00000000f7700000,0x00000000f7700000)
  to   space 210944K, 0% used [0x00000000e0680000,0x00000000e0680000,0x00000000ed480000)
 ParOldGen       total 483328K, used 392113K [0x000000008c000000, 0x00000000a9800000, 0x00000000d9580000)
  object space 483328K, 81% used [0x000000008c000000,0x00000000a3eec578,0x00000000a9800000)
 Metaspace       used 3817K, capacity 4710K, committed 4864K, reserved 1056768K
  class space    used 414K, capacity 462K, committed 512K, reserved 1048576K
}
Event: 14,861 GC heap before
{Heap before GC invocations=12 (full 4):
 PSYoungGen      total 282112K, used 166400K [0x00000000d9580000, 0x00000000fd880000, 0x0000000100000000)
  eden space 115712K, 0% used [0x00000000d9580000,0x00000000d9580000,0x00000000e0680000)
  from space 166400K, 100% used [0x00000000ed480000,0x00000000f7700000,0x00000000f7700000)
  to   space 210944K, 0% used [0x00000000e0680000,0x00000000e0680000,0x00000000ed480000)
 ParOldGen       total 483328K, used 392113K [0x000000008c000000, 0x00000000a9800000, 0x00000000d9580000)
  object space 483328K, 81% used [0x000000008c000000,0x00000000a3eec578,0x00000000a9800000)
 Metaspace       used 3817K, capacity 4710K, committed 4864K, reserved 1056768K
  class space    used 414K, capacity 462K, committed 512K, reserved 1048576K
Event: 22,072 GC heap after
Heap after GC invocations=12 (full 4):
 PSYoungGen      total 282112K, used 74679K [0x00000000d9580000, 0x00000000fd880000, 0x0000000100000000)
  eden space 115712K, 0% used [0x00000000d9580000,0x00000000d9580000,0x00000000e0680000)
  from space 166400K, 44% used [0x00000000ed480000,0x00000000f1d6dc00,0x00000000f7700000)
  to   space 210944K, 0% used [0x00000000e0680000,0x00000000e0680000,0x00000000ed480000)
 ParOldGen       total 775168K, used 483119K [0x000000008c000000, 0x00000000bb500000, 0x00000000d9580000)
  object space 775168K, 62% used [0x000000008c000000,0x00000000a97cbcb8,0x00000000bb500000)
 Metaspace       used 3817K, capacity 4710K, committed 4864K, reserved 1056768K
  class space    used 414K, capacity 462K, committed 512K, reserved 1048576K
}
Event: 22,220 GC heap before
{Heap before GC invocations=13 (full 4):
 PSYoungGen      total 282112K, used 190391K [0x00000000d9580000, 0x00000000fd880000, 0x0000000100000000)
  eden space 115712K, 100% used [0x00000000d9580000,0x00000000e0680000,0x00000000e0680000)
  from space 166400K, 44% used [0x00000000ed480000,0x00000000f1d6dc00,0x00000000f7700000)
  to   space 210944K, 0% used [0x00000000e0680000,0x00000000e0680000,0x00000000ed480000)
 ParOldGen       total 775168K, used 483119K [0x000000008c000000, 0x00000000bb500000, 0x00000000d9580000)
  object space 775168K, 62% used [0x000000008c000000,0x00000000a97cbcb8,0x00000000bb500000)
 Metaspace       used 3817K, capacity 4710K, committed 4864K, reserved 1056768K
  class space    used 414K, capacity 462K, committed 512K, reserved 1048576K
Event: 22,950 GC heap after
Heap after GC invocations=13 (full 4):
 PSYoungGen      total 326656K, used 190656K [0x00000000d9580000, 0x00000000fc200000, 0x0000000100000000)
  eden space 115712K, 0% used [0x00000000d9580000,0x00000000d9580000,0x00000000e0680000)
  from space 210944K, 90% used [0x00000000e0680000,0x00000000ec0b0000,0x00000000ed480000)
  to   space 210944K, 0% used [0x00000000ef400000,0x00000000ef400000,0x00000000fc200000)
 ParOldGen       total 775168K, used 483119K [0x000000008c000000, 0x00000000bb500000, 0x00000000d9580000)
  object space 775168K, 62% used [0x000000008c000000,0x00000000a97cbcb8,0x00000000bb500000)
 Metaspace       used 3817K, capacity 4710K, committed 4864K, reserved 1056768K
  class space    used 414K, capacity 462K, committed 512K, reserved 1048576K
}
Event: 23,092 GC heap before
{Heap before GC invocations=14 (full 4):
 PSYoungGen      total 326656K, used 306368K [0x00000000d9580000, 0x00000000fc200000, 0x0000000100000000)
  eden space 115712K, 100% used [0x00000000d9580000,0x00000000e0680000,0x00000000e0680000)
  from space 210944K, 90% used [0x00000000e0680000,0x00000000ec0b0000,0x00000000ed480000)
  to   space 210944K, 0% used [0x00000000ef400000,0x00000000ef400000,0x00000000fc200000)
 ParOldGen       total 775168K, used 483119K [0x000000008c000000, 0x00000000bb500000, 0x00000000d9580000)
  object space 775168K, 62% used [0x000000008c000000,0x00000000a97cbcb8,0x00000000bb500000)
 Metaspace       used 3817K, capacity 4710K, committed 4864K, reserved 1056768K
  class space    used 414K, capacity 462K, committed 512K, reserved 1048576K
Event: 27,827 GC heap after
Heap after GC invocations=14 (full 4):
 PSYoungGen      total 358912K, used 210944K [0x00000000d9580000, 0x00000000fcb00000, 0x0000000100000000)
  eden space 147968K, 0% used [0x00000000d9580000,0x00000000d9580000,0x00000000e2600000)
  from space 210944K, 100% used [0x00000000ef400000,0x00000000fc200000,0x00000000fc200000)
  to   space 210944K, 0% used [0x00000000e2600000,0x00000000e2600000,0x00000000ef400000)
 ParOldGen       total 775168K, used 578879K [0x000000008c000000, 0x00000000bb500000, 0x00000000d9580000)
  object space 775168K, 74% used [0x000000008c000000,0x00000000af54fcb8,0x00000000bb500000)
 Metaspace       used 3817K, capacity 4710K, committed 4864K, reserved 1056768K
  class space    used 414K, capacity 462K, committed 512K, reserved 1048576K
}
Event: 27,992 GC heap before
{Heap before GC invocations=15 (full 4):
 PSYoungGen      total 358912K, used 358912K [0x00000000d9580000, 0x00000000fcb00000, 0x0000000100000000)
  eden space 147968K, 100% used [0x00000000d9580000,0x00000000e2600000,0x00000000e2600000)
  from space 210944K, 100% used [0x00000000ef400000,0x00000000fc200000,0x00000000fc200000)
  to   space 210944K, 0% used [0x00000000e2600000,0x00000000e2600000,0x00000000ef400000)
 ParOldGen       total 775168K, used 578879K [0x000000008c000000, 0x00000000bb500000, 0x00000000d9580000)
  object space 775168K, 74% used [0x000000008c000000,0x00000000af54fcb8,0x00000000bb500000)
 Metaspace       used 3817K, capacity 4710K, committed 4864K, reserved 1056768K
  class space    used 414K, capacity 462K, committed 512K, reserved 1048576K
Event: 32,547 GC heap after
Heap after GC invocations=15 (full 4):
 PSYoungGen      total 358912K, used 210944K [0x00000000d9580000, 0x00000000ffd00000, 0x0000000100000000)
  eden space 147968K, 0% used [0x00000000d9580000,0x00000000d9580000,0x00000000e2600000)
  from space 210944K, 100% used [0x00000000e2600000,0x00000000ef400000,0x00000000ef400000)
  to   space 210944K, 0% used [0x00000000f2f00000,0x00000000f2f00000,0x00000000ffd00000)
 ParOldGen       total 775168K, used 727447K [0x000000008c000000, 0x00000000bb500000, 0x00000000d9580000)
  object space 775168K, 93% used [0x000000008c000000,0x00000000b8665cb8,0x00000000bb500000)
 Metaspace       used 3817K, capacity 4710K, committed 4864K, reserved 1056768K
  class space    used 414K, capacity 462K, committed 512K, reserved 1048576K
}
Event: 32,955 GC heap before
{Heap before GC invocations=16 (full 5):
 PSYoungGen      total 358912K, used 210944K [0x00000000d9580000, 0x00000000ffd00000, 0x0000000100000000)
  eden space 147968K, 0% used [0x00000000d9580000,0x00000000d9580000,0x00000000e2600000)
  from space 210944K, 100% used [0x00000000e2600000,0x00000000ef400000,0x00000000ef400000)
  to   space 210944K, 0% used [0x00000000f2f00000,0x00000000f2f00000,0x00000000ffd00000)
 ParOldGen       total 775168K, used 727447K [0x000000008c000000, 0x00000000bb500000, 0x00000000d9580000)
  object space 775168K, 93% used [0x000000008c000000,0x00000000b8665cb8,0x00000000bb500000)
 Metaspace       used 3817K, capacity 4710K, committed 4864K, reserved 1056768K
  class space    used 414K, capacity 462K, committed 512K, reserved 1048576K

Deoptimization events (0 events):
No events

Classes redefined (0 events):
No events

Internal exceptions (7 events):
Event: 0,105 Thread 0x00007f065c00b000 Exception <a 'java/lang/NoSuchMethodError': Method sun.misc.Unsafe.defineClass(Ljava/lang/String;[BII)Ljava/lang/Class; name or signature does not match> (0x00000000d9587ca0) thrown at [/build/openjdk-8-v3AEsl/openjdk-8-8u162-b12/src/hotspot/src/share/vm/
Event: 0,105 Thread 0x00007f065c00b000 Exception <a 'java/lang/NoSuchMethodError': Method sun.misc.Unsafe.prefetchRead(Ljava/lang/Object;J)V name or signature does not match> (0x00000000d9587f88) thrown at [/build/openjdk-8-v3AEsl/openjdk-8-8u162-b12/src/hotspot/src/share/vm/prims/jni.cpp, lin
Event: 0,254 Thread 0x00007f065c00b000 Exception <a 'java/util/zip/ZipException'> (0x00000000d95d1a88) thrown at [/build/openjdk-8-v3AEsl/openjdk-8-8u162-b12/src/hotspot/src/share/vm/prims/jni.cpp, line 709]
Event: 0,254 Thread 0x00007f065c00b000 Exception <a 'java/security/PrivilegedActionException'> (0x00000000d95d1d28) thrown at [/build/openjdk-8-v3AEsl/openjdk-8-8u162-b12/src/hotspot/src/share/vm/prims/jvm.cpp, line 1390]
Event: 0,254 Thread 0x00007f065c00b000 Exception <a 'java/security/PrivilegedActionException'> (0x00000000d95d1f38) thrown at [/build/openjdk-8-v3AEsl/openjdk-8-8u162-b12/src/hotspot/src/share/vm/prims/jvm.cpp, line 1390]
Event: 0,477 Thread 0x00007f065c00b000 Exception <a 'java/lang/NoSuchFieldError': method resolution failed> (0x00000000d9793a28) thrown at [/build/openjdk-8-v3AEsl/openjdk-8-8u162-b12/src/hotspot/src/share/vm/prims/methodHandles.cpp, line 1167]
Event: 0,489 Thread 0x00007f065c00b000 Exception <a 'java/lang/NoSuchFieldError': method resolution failed> (0x00000000d97a0e58) thrown at [/build/openjdk-8-v3AEsl/openjdk-8-8u162-b12/src/hotspot/src/share/vm/prims/methodHandles.cpp, line 1167]

Events (10 events):
Event: 12,823 Executing VM operation: ParallelGCFailedAllocation done
Event: 12,965 Executing VM operation: ParallelGCFailedAllocation
Event: 13,918 Executing VM operation: ParallelGCFailedAllocation done
Event: 14,032 Executing VM operation: ParallelGCFailedAllocation
Event: 22,072 Executing VM operation: ParallelGCFailedAllocation done
Event: 22,220 Executing VM operation: ParallelGCFailedAllocation
Event: 22,950 Executing VM operation: ParallelGCFailedAllocation done
Event: 23,092 Executing VM operation: ParallelGCFailedAllocation
Event: 27,827 Executing VM operation: ParallelGCFailedAllocation done
Event: 27,992 Executing VM operation: ParallelGCFailedAllocation


Dynamic libraries:
8c000000-bb500000 rw-p 00000000 00:00 0 
d3300000-d9580000 ---p 00000000 00:00 0 
d9580000-ffd00000 rw-p 00000000 00:00 0 
ffd00000-100000000 ---p 00000000 00:00 0 
100000000-100080000 rw-p 00000000 00:00 0 
100080000-140000000 ---p 00000000 00:00 0 
558944d22000-558944d23000 r-xp 00000000 08:07 1838752                    /usr/lib/jvm/java-8-openjdk-amd64/jre/bin/java
558944f22000-558944f23000 r--p 00000000 08:07 1838752                    /usr/lib/jvm/java-8-openjdk-amd64/jre/bin/java
558944f23000-558944f24000 rw-p 00001000 08:07 1838752                    /usr/lib/jvm/java-8-openjdk-amd64/jre/bin/java
558946029000-55894604a000 rw-p 00000000 00:00 0                          [heap]
7f0610000000-7f0610021000 rw-p 00000000 00:00 0 
7f0610021000-7f0614000000 ---p 00000000 00:00 0 
7f0614000000-7f0614021000 rw-p 00000000 00:00 0 
7f0614021000-7f0618000000 ---p 00000000 00:00 0 
7f0618000000-7f06180a8000 rw-p 00000000 00:00 0 
7f06180a8000-7f061c000000 ---p 00000000 00:00 0 
7f061c000000-7f061c1d5000 rw-p 00000000 00:00 0 
7f061c1d5000-7f0620000000 ---p 00000000 00:00 0 
7f0620000000-7f0620021000 rw-p 00000000 00:00 0 
7f0620021000-7f0624000000 ---p 00000000 00:00 0 
7f0624000000-7f06240a9000 rw-p 00000000 00:00 0 
7f06240a9000-7f0628000000 ---p 00000000 00:00 0 
7f0628000000-7f0628021000 rw-p 00000000 00:00 0 
7f0628021000-7f062c000000 ---p 00000000 00:00 0 
7f062c000000-7f062c021000 rw-p 00000000 00:00 0 
7f062c021000-7f0630000000 ---p 00000000 00:00 0 
7f0630000000-7f0630021000 rw-p 00000000 00:00 0 
7f0630021000-7f0634000000 ---p 00000000 00:00 0 
7f0634000000-7f0634021000 rw-p 00000000 00:00 0 
7f0634021000-7f0638000000 ---p 00000000 00:00 0 
7f0638000000-7f0638021000 rw-p 00000000 00:00 0 
7f0638021000-7f063c000000 ---p 00000000 00:00 0 
7f063e146000-7f063e1dd000 r--s 007cb000 08:07 1709199                    /usr/share/java/openjfx/jre/lib/ext/jfxrt.jar
7f063e1dd000-7f063e1de000 ---p 00000000 00:00 0 
7f063e1de000-7f063e2de000 rw-p 00000000 00:00 0 
7f063e2de000-7f063e2e1000 ---p 00000000 00:00 0 
7f063e2e1000-7f063e3df000 rw-p 00000000 00:00 0 
7f063e3df000-7f063e3e0000 ---p 00000000 00:00 0 
7f063e3e0000-7f063e3e3000 ---p 00000000 00:00 0 
7f063e3e3000-7f063e4e0000 rw-p 00000000 00:00 0 
7f063e4e0000-7f063e4e1000 ---p 00000000 00:00 0 
7f063e4e1000-7f063e4e4000 ---p 00000000 00:00 0 
7f063e4e4000-7f063e5e1000 rw-p 00000000 00:00 0 
7f063e5e1000-7f063e5e2000 ---p 00000000 00:00 0 
7f063e5e2000-7f063e5e5000 ---p 00000000 00:00 0 
7f063e5e5000-7f063e6e2000 rw-p 00000000 00:00 0 
7f063e6e2000-7f063e6e5000 ---p 00000000 00:00 0 
7f063e6e5000-7f063e7e3000 rw-p 00000000 00:00 0 
7f063e7e3000-7f063ebf2000 r--p 00000000 08:07 401275                     /usr/lib/locale/locale-archive
7f063ebf4000-7f063ebf7000 ---p 00000000 00:00 0 
7f063ebf7000-7f063ecf5000 rw-p 00000000 00:00 0 
7f063ecf5000-7f063ecf8000 ---p 00000000 00:00 0 
7f063ecf8000-7f063edf6000 rw-p 00000000 00:00 0 
7f063edf6000-7f063edf7000 ---p 00000000 00:00 0 
7f063edf7000-7f063fc40000 rw-p 00000000 00:00 0 
7f063fc40000-7f0640000000 ---p 00000000 00:00 0 
7f0640000000-7f0640021000 rw-p 00000000 00:00 0 
7f0640021000-7f0644000000 ---p 00000000 00:00 0 
7f0644022000-7f0644025000 r--s 0000f000 08:07 1839067                    /usr/lib/jvm/java-8-openjdk-amd64/jre/lib/ext/icedtea-sound.jar
7f0644027000-7f0644042000 r--s 00394000 08:07 1839065                    /usr/lib/jvm/java-8-openjdk-amd64/jre/lib/ext/cldrdata.jar
7f0644049000-7f0644064000 r--s 001d6000 08:07 1839070                    /usr/lib/jvm/java-8-openjdk-amd64/jre/lib/ext/nashorn.jar
7f064406b000-7f064406d000 r--s 00008000 08:07 1839071                    /usr/lib/jvm/java-8-openjdk-amd64/jre/lib/ext/sunec.jar
7f0644073000-7f0644074000 r--s 00010000 08:07 1839074                    /usr/lib/jvm/java-8-openjdk-amd64/jre/lib/ext/zipfs.jar
7f0644079000-7f0644083000 r--s 00116000 08:07 1839069                    /usr/lib/jvm/java-8-openjdk-amd64/jre/lib/ext/localedata.jar
7f0644086000-7f064408b000 r--s 0003b000 08:07 1839072                    /usr/lib/jvm/java-8-openjdk-amd64/jre/lib/ext/sunjce_provider.jar
7f064408d000-7f064408e000 r--s 0000a000 08:07 1839068                    /usr/lib/jvm/java-8-openjdk-amd64/jre/lib/ext/jaccess.jar
7f0644092000-7f0644094000 r--s 00007000 08:07 659010                     /usr/share/java/java-atk-wrapper.jar
7f0644098000-7f0648000000 rw-p 00000000 00:00 0 
7f0648000000-7f0648021000 rw-p 00000000 00:00 0 
7f0648021000-7f064c000000 ---p 00000000 00:00 0 
7f064c006000-7f064c107000 rw-p 00000000 00:00 0 
7f064c107000-7f064c2d5000 r--s 03c2c000 08:07 1839094                    /usr/lib/jvm/java-8-openjdk-amd64/jre/lib/rt.jar
7f064c2db000-7f064c6f1000 rw-p 00000000 00:00 0 
7f064c6f1000-7f064c6f2000 ---p 00000000 00:00 0 
7f064c6f2000-7f064c7f2000 rw-p 00000000 00:00 0 
7f064c7f2000-7f064c7f3000 ---p 00000000 00:00 0 
7f064c7f3000-7f064c8f3000 rw-p 00000000 00:00 0 
7f064c8f3000-7f064c8f4000 ---p 00000000 00:00 0 
7f064c8f4000-7f064cb6f000 rw-p 00000000 00:00 0 
7f064cb6f000-7f064cc5f000 ---p 00000000 00:00 0 
7f064cc5f000-7f064cdda000 rw-p 00000000 00:00 0 
7f064cdda000-7f064cec9000 ---p 00000000 00:00 0 
7f064cec9000-7f064cffe000 rw-p 00000000 00:00 0 
7f064cffe000-7f064cfff000 ---p 00000000 00:00 0 
7f064cfff000-7f064d000000 rw-p 00000000 00:00 0 
7f064d000000-7f064d270000 rwxp 00000000 00:00 0 
7f064d270000-7f065c000000 ---p 00000000 00:00 0 
7f065c000000-7f065c1b1000 rw-p 00000000 00:00 0 
7f065c1b1000-7f0660000000 ---p 00000000 00:00 0 
7f0660003000-7f0660006000 r--s 00038000 08:07 1839073                    /usr/lib/jvm/java-8-openjdk-amd64/jre/lib/ext/sunpkcs11.jar
7f066000c000-7f066000e000 r--s 00001000 08:07 1839066                    /usr/lib/jvm/java-8-openjdk-amd64/jre/lib/ext/dnsns.jar
7f0660014000-7f0660062000 rw-p 00000000 00:00 0 
7f0660062000-7f0660063000 ---p 00000000 00:00 0 
7f0660063000-7f066016d000 rw-p 00000000 00:00 0 
7f066016d000-7f0660523000 ---p 00000000 00:00 0 
7f0660523000-7f066052b000 r-xp 00000000 08:07 1839051                    /usr/lib/jvm/java-8-openjdk-amd64/jre/lib/amd64/libzip.so
7f066052b000-7f066072a000 ---p 00008000 08:07 1839051                    /usr/lib/jvm/java-8-openjdk-amd64/jre/lib/amd64/libzip.so
7f066072a000-7f066072b000 r--p 00007000 08:07 1839051                    /usr/lib/jvm/java-8-openjdk-amd64/jre/lib/amd64/libzip.so
7f066072b000-7f066072c000 rw-p 00008000 08:07 1839051                    /usr/lib/jvm/java-8-openjdk-amd64/jre/lib/amd64/libzip.so
7f0660733000-7f066073e000 r-xp 00000000 08:07 1050825                    /lib/x86_64-linux-gnu/libnss_files-2.27.so
7f066073e000-7f066093d000 ---p 0000b000 08:07 1050825                    /lib/x86_64-linux-gnu/libnss_files-2.27.so
7f066093d000-7f066093e000 r--p 0000a000 08:07 1050825                    /lib/x86_64-linux-gnu/libnss_files-2.27.so
7f066093e000-7f066093f000 rw-p 0000b000 08:07 1050825                    /lib/x86_64-linux-gnu/libnss_files-2.27.so
7f066093f000-7f0660945000 rw-p 00000000 00:00 0 
7f066094b000-7f0660962000 r-xp 00000000 08:07 1050822                    /lib/x86_64-linux-gnu/libnsl-2.27.so
7f0660962000-7f0660b61000 ---p 00017000 08:07 1050822                    /lib/x86_64-linux-gnu/libnsl-2.27.so
7f0660b61000-7f0660b62000 r--p 00016000 08:07 1050822                    /lib/x86_64-linux-gnu/libnsl-2.27.so
7f0660b62000-7f0660b63000 rw-p 00017000 08:07 1050822                    /lib/x86_64-linux-gnu/libnsl-2.27.so
7f0660b63000-7f0660b65000 rw-p 00000000 00:00 0 
7f0660b6b000-7f0660b76000 r-xp 00000000 08:07 1050827                    /lib/x86_64-linux-gnu/libnss_nis-2.27.so
7f0660b76000-7f0660d75000 ---p 0000b000 08:07 1050827                    /lib/x86_64-linux-gnu/libnss_nis-2.27.so
7f0660d75000-7f0660d76000 r--p 0000a000 08:07 1050827                    /lib/x86_64-linux-gnu/libnss_nis-2.27.so
7f0660d76000-7f0660d77000 rw-p 0000b000 08:07 1050827                    /lib/x86_64-linux-gnu/libnss_nis-2.27.so
7f0660d7b000-7f0660d83000 r-xp 00000000 08:07 1050823                    /lib/x86_64-linux-gnu/libnss_compat-2.27.so
7f0660d83000-7f0660f83000 ---p 00008000 08:07 1050823                    /lib/x86_64-linux-gnu/libnss_compat-2.27.so
7f0660f83000-7f0660f84000 r--p 00008000 08:07 1050823                    /lib/x86_64-linux-gnu/libnss_compat-2.27.so
7f0660f84000-7f0660f85000 rw-p 00009000 08:07 1050823                    /lib/x86_64-linux-gnu/libnss_compat-2.27.so
7f0660f8b000-7f0660fb9000 r-xp 00000000 08:07 1838781                    /usr/lib/jvm/java-8-openjdk-amd64/jre/lib/amd64/libjava.so
7f0660fb9000-7f06611b8000 ---p 0002e000 08:07 1838781                    /usr/lib/jvm/java-8-openjdk-amd64/jre/lib/amd64/libjava.so
7f06611b8000-7f06611b9000 r--p 0002d000 08:07 1838781                    /usr/lib/jvm/java-8-openjdk-amd64/jre/lib/amd64/libjava.so
7f06611b9000-7f06611bb000 rw-p 0002e000 08:07 1838781                    /usr/lib/jvm/java-8-openjdk-amd64/jre/lib/amd64/libjava.so
7f06611bb000-7f06611cb000 r-xp 00000000 08:07 1838954                    /usr/lib/jvm/java-8-openjdk-amd64/jre/lib/amd64/libverify.so
7f06611cb000-7f06613ca000 ---p 00010000 08:07 1838954                    /usr/lib/jvm/java-8-openjdk-amd64/jre/lib/amd64/libverify.so
7f06613ca000-7f06613cc000 r--p 0000f000 08:07 1838954                    /usr/lib/jvm/java-8-openjdk-amd64/jre/lib/amd64/libverify.so
7f06613cc000-7f06613cd000 rw-p 00011000 08:07 1838954                    /usr/lib/jvm/java-8-openjdk-amd64/jre/lib/amd64/libverify.so
7f06613d3000-7f06613da000 r-xp 00000000 08:07 1050832                    /lib/x86_64-linux-gnu/librt-2.27.so
7f06613da000-7f06615d9000 ---p 00007000 08:07 1050832                    /lib/x86_64-linux-gnu/librt-2.27.so
7f06615d9000-7f06615da000 r--p 00006000 08:07 1050832                    /lib/x86_64-linux-gnu/librt-2.27.so
7f06615da000-7f06615db000 rw-p 00007000 08:07 1050832                    /lib/x86_64-linux-gnu/librt-2.27.so
7f06615db000-7f06615f2000 r-xp 00000000 08:07 1052642                    /lib/x86_64-linux-gnu/libgcc_s.so.1
7f06615f2000-7f06617f1000 ---p 00017000 08:07 1052642                    /lib/x86_64-linux-gnu/libgcc_s.so.1
7f06617f1000-7f06617f2000 r--p 00016000 08:07 1052642                    /lib/x86_64-linux-gnu/libgcc_s.so.1
7f06617f2000-7f06617f3000 rw-p 00017000 08:07 1052642                    /lib/x86_64-linux-gnu/libgcc_s.so.1
7f06617f3000-7f0661990000 r-xp 00000000 08:07 1050819                    /lib/x86_64-linux-gnu/libm-2.27.so
7f0661990000-7f0661b8f000 ---p 0019d000 08:07 1050819                    /lib/x86_64-linux-gnu/libm-2.27.so
7f0661b8f000-7f0661b90000 r--p 0019c000 08:07 1050819                    /lib/x86_64-linux-gnu/libm-2.27.so
7f0661b90000-7f0661b91000 rw-p 0019d000 08:07 1050819                    /lib/x86_64-linux-gnu/libm-2.27.so
7f0661b93000-7f0661d0c000 r-xp 00000000 08:07 394562                     /usr/lib/x86_64-linux-gnu/libstdc++.so.6.0.25
7f0661d0c000-7f0661f0c000 ---p 00179000 08:07 394562                     /usr/lib/x86_64-linux-gnu/libstdc++.so.6.0.25
7f0661f0c000-7f0661f16000 r--p 00179000 08:07 394562                     /usr/lib/x86_64-linux-gnu/libstdc++.so.6.0.25
7f0661f16000-7f0661f18000 rw-p 00183000 08:07 394562                     /usr/lib/x86_64-linux-gnu/libstdc++.so.6.0.25
7f0661f18000-7f0661f1c000 rw-p 00000000 00:00 0 
7f0661f23000-7f0662bb3000 r-xp 00000000 08:07 1839054                    /usr/lib/jvm/java-8-openjdk-amd64/jre/lib/amd64/server/libjvm.so
7f0662bb3000-7f0662db3000 ---p 00c90000 08:07 1839054                    /usr/lib/jvm/java-8-openjdk-amd64/jre/lib/amd64/server/libjvm.so
7f0662db3000-7f0662e46000 r--p 00c90000 08:07 1839054                    /usr/lib/jvm/java-8-openjdk-amd64/jre/lib/amd64/server/libjvm.so
7f0662e46000-7f0662e6e000 rw-p 00d23000 08:07 1839054                    /usr/lib/jvm/java-8-openjdk-amd64/jre/lib/amd64/server/libjvm.so
7f0662e6e000-7f0662e9f000 rw-p 00000000 00:00 0 
7f0662ea3000-7f0662ebd000 r-xp 00000000 08:07 1050830                    /lib/x86_64-linux-gnu/libpthread-2.27.so
7f0662ebd000-7f06630bc000 ---p 0001a000 08:07 1050830                    /lib/x86_64-linux-gnu/libpthread-2.27.so
7f06630bc000-7f06630bd000 r--p 00019000 08:07 1050830                    /lib/x86_64-linux-gnu/libpthread-2.27.so
7f06630bd000-7f06630be000 rw-p 0001a000 08:07 1050830                    /lib/x86_64-linux-gnu/libpthread-2.27.so
7f06630be000-7f06630c2000 rw-p 00000000 00:00 0 
7f06630c3000-7f06630c6000 r-xp 00000000 08:07 1050818                    /lib/x86_64-linux-gnu/libdl-2.27.so
7f06630c6000-7f06632c5000 ---p 00003000 08:07 1050818                    /lib/x86_64-linux-gnu/libdl-2.27.so
7f06632c5000-7f06632c6000 r--p 00002000 08:07 1050818                    /lib/x86_64-linux-gnu/libdl-2.27.so
7f06632c6000-7f06632c7000 rw-p 00003000 08:07 1050818                    /lib/x86_64-linux-gnu/libdl-2.27.so
7f06632cb000-7f06632e7000 r-xp 00000000 08:07 1050910                    /lib/x86_64-linux-gnu/libz.so.1.2.11
7f06632e7000-7f06634e6000 ---p 0001c000 08:07 1050910                    /lib/x86_64-linux-gnu/libz.so.1.2.11
7f06634e6000-7f06634e7000 r--p 0001b000 08:07 1050910                    /lib/x86_64-linux-gnu/libz.so.1.2.11
7f06634e7000-7f06634e8000 rw-p 0001c000 08:07 1050910                    /lib/x86_64-linux-gnu/libz.so.1.2.11
7f06634eb000-7f06636d2000 r-xp 00000000 08:07 1050815                    /lib/x86_64-linux-gnu/libc-2.27.so
7f06636d2000-7f06638d2000 ---p 001e7000 08:07 1050815                    /lib/x86_64-linux-gnu/libc-2.27.so
7f06638d2000-7f06638d6000 r--p 001e7000 08:07 1050815                    /lib/x86_64-linux-gnu/libc-2.27.so
7f06638d6000-7f06638d8000 rw-p 001eb000 08:07 1050815                    /lib/x86_64-linux-gnu/libc-2.27.so
7f06638d8000-7f06638dc000 rw-p 00000000 00:00 0 
7f06638e3000-7f06638f1000 r-xp 00000000 08:07 1838765                    /usr/lib/jvm/java-8-openjdk-amd64/jre/lib/amd64/jli/libjli.so
7f06638f1000-7f0663af0000 ---p 0000e000 08:07 1838765                    /usr/lib/jvm/java-8-openjdk-amd64/jre/lib/amd64/jli/libjli.so
7f0663af0000-7f0663af1000 r--p 0000d000 08:07 1838765                    /usr/lib/jvm/java-8-openjdk-amd64/jre/lib/amd64/jli/libjli.so
7f0663af1000-7f0663af2000 rw-p 0000e000 08:07 1838765                    /usr/lib/jvm/java-8-openjdk-amd64/jre/lib/amd64/jli/libjli.so
7f0663af3000-7f0663b1a000 r-xp 00000000 08:07 1050806                    /lib/x86_64-linux-gnu/ld-2.27.so
7f0663b21000-7f0663c0b000 rw-p 00000000 00:00 0 
7f0663c0b000-7f0663c13000 rw-s 00000000 08:07 1064422                    /tmp/hsperfdata_juan/11636
7f0663c15000-7f0663c16000 rw-p 00000000 00:00 0 
7f0663c16000-7f0663c18000 ---p 00000000 00:00 0 
7f0663c18000-7f0663c1b000 ---p 00000000 00:00 0 
7f0663c1b000-7f0663d1a000 rw-p 00000000 00:00 0 
7f0663d1a000-7f0663d1b000 r--p 00027000 08:07 1050806                    /lib/x86_64-linux-gnu/ld-2.27.so
7f0663d1b000-7f0663d1c000 rw-p 00028000 08:07 1050806                    /lib/x86_64-linux-gnu/ld-2.27.so
7f0663d1c000-7f0663d1f000 rw-p 00000000 00:00 0 
7fff9db68000-7fff9db8a000 rw-p 00000000 00:00 0                          [stack]
7fff9dba3000-7fff9dba6000 r--p 00000000 00:00 0                          [vvar]
7fff9dba6000-7fff9dba7000 r-xp 00000000 00:00 0                          [vdso]
ffffffffff600000-ffffffffff601000 r-xp 00000000 00:00 0                  [vsyscall]

VM Arguments:
jvm_args: -Dfile.encoding=UTF-8 
java_command: roadgraph.MapGraph
java_class_path (initial): /home/juan/eclipse-workspace/UCSDGraphs/bin:/home/juan/eclipse-workspace/UCSDGraphs/libs/javax.json-1.0.4.jar:/home/juan/eclipse-java-2020-03-R-linux-gtk-x86_64/eclipse/plugins/org.junit_4.13.0.v20200204-1500.jar:/home/juan/eclipse-java-2020-03-R-linux-gtk-x86_64/eclipse/plugins/org.hamcrest.core_1.3.0.v20180420-1519.jar
Launcher Type: SUN_STANDARD

Environment Variables:
PATH=/home/juan/anaconda3/condabin:/home/juan/bin:/home/juan/.local/bin:/usr/local/sbin:/usr/local/bin:/usr/sbin:/usr/bin:/sbin:/bin:/usr/games:/usr/local/games:/snap/bin
USERNAME=juan
SHELL=/bin/bash
DISPLAY=:0

Signal Handlers:
SIGSEGV: [libjvm.so+0xaaae70], sa_mask[0]=11111111011111111101111111111110, sa_flags=SA_RESTART|SA_SIGINFO
SIGBUS: [libjvm.so+0xaaae70], sa_mask[0]=11111111011111111101111111111110, sa_flags=SA_RESTART|SA_SIGINFO
SIGFPE: [libjvm.so+0x8e1240], sa_mask[0]=11111111011111111101111111111110, sa_flags=SA_RESTART|SA_SIGINFO
SIGPIPE: [libjvm.so+0x8e1240], sa_mask[0]=11111111011111111101111111111110, sa_flags=SA_RESTART|SA_SIGINFO
SIGXFSZ: [libjvm.so+0x8e1240], sa_mask[0]=11111111011111111101111111111110, sa_flags=SA_RESTART|SA_SIGINFO
SIGILL: [libjvm.so+0x8e1240], sa_mask[0]=11111111011111111101111111111110, sa_flags=SA_RESTART|SA_SIGINFO
SIGUSR1: SIG_DFL, sa_mask[0]=00000000000000000000000000000000, sa_flags=none
SIGUSR2: [libjvm.so+0x8e10f0], sa_mask[0]=00100000000000000000000000000000, sa_flags=SA_RESTART|SA_SIGINFO
SIGHUP: [libjvm.so+0x8e15a0], sa_mask[0]=11111111011111111101111111111110, sa_flags=SA_RESTART|SA_SIGINFO
SIGINT: [libjvm.so+0x8e15a0], sa_mask[0]=11111111011111111101111111111110, sa_flags=SA_RESTART|SA_SIGINFO
SIGTERM: [libjvm.so+0x8e15a0], sa_mask[0]=11111111011111111101111111111110, sa_flags=SA_RESTART|SA_SIGINFO
SIGQUIT: [libjvm.so+0x8e15a0], sa_mask[0]=11111111011111111101111111111110, sa_flags=SA_RESTART|SA_SIGINFO


---------------  S Y S T E M  ---------------

OS:DISTRIB_ID=Ubuntu
DISTRIB_RELEASE=18.04
DISTRIB_CODENAME=bionic
DISTRIB_DESCRIPTION="Ubuntu 18.04.3 LTS"

uname:Linux 5.0.0-37-generic #40~18.04.1-Ubuntu SMP Thu Nov 14 12:06:39 UTC 2019 x86_64
libc:glibc 2.27 NPTL 2.27 
rlimit: STACK 8192k, CORE 0k, NPROC 29242, NOFILE 4096, AS infinity
load average:7,54 2,86 1,54

/proc/meminfo:
MemTotal:        7600384 kB
MemFree:          125880 kB
MemAvailable:      58144 kB
Buffers:            3068 kB
Cached:           204884 kB
SwapCached:        29004 kB
Active:          6175424 kB
Inactive:         909872 kB
Active(anon):    6122208 kB
Inactive(anon):   874884 kB
Active(file):      53216 kB
Inactive(file):    34988 kB
Unevictable:         156 kB
Mlocked:             156 kB
SwapTotal:        488444 kB
SwapFree:            264 kB
Dirty:               136 kB
Writeback:             0 kB
AnonPages:       6848652 kB
Mapped:           195284 kB
Shmem:            119636 kB
KReclaimable:      45924 kB
Slab:             110076 kB
SReclaimable:      45924 kB
SUnreclaim:        64152 kB
KernelStack:       19760 kB
PageTables:        83480 kB
NFS_Unstable:          0 kB
Bounce:                0 kB
WritebackTmp:          0 kB
CommitLimit:     4288636 kB
Committed_AS:   15176656 kB
VmallocTotal:   34359738367 kB
VmallocUsed:           0 kB
VmallocChunk:          0 kB
Percpu:             1648 kB
HardwareCorrupted:     0 kB
AnonHugePages:         0 kB
ShmemHugePages:        0 kB
ShmemPmdMapped:        0 kB
CmaTotal:              0 kB
CmaFree:               0 kB
HugePages_Total:       0
HugePages_Free:        0
HugePages_Rsvd:        0
HugePages_Surp:        0
Hugepagesize:       2048 kB
Hugetlb:               0 kB
DirectMap4k:      536948 kB
DirectMap2M:     7213056 kB
DirectMap1G:     1048576 kB


CPU:total 4 (initial active 4) (4 cores per cpu, 1 threads per core) family 21 model 101 stepping 1, cmov, cx8, fxsr, mmx, sse, sse2, sse3, ssse3, sse4.1, sse4.2, popcnt, avx, avx2, aes, clmul, mmxext, 3dnowpref, lzcnt, sse4a, tsc, tscinvbit, tscinv, bmi1

/proc/cpuinfo:
processor	: 0
vendor_id	: AuthenticAMD
cpu family	: 21
model		: 101
model name	: AMD A12-9720P RADEON R7, 12 COMPUTE CORES 4C+8G
stepping	: 1
microcode	: 0x600611a
cpu MHz		: 2694.951
cache size	: 1024 KB
physical id	: 0
siblings	: 4
core id		: 0
cpu cores	: 2
apicid		: 16
initial apicid	: 0
fpu		: yes
fpu_exception	: yes
cpuid level	: 13
wp		: yes
flags		: fpu vme de pse tsc msr pae mce cx8 apic sep mtrr pge mca cmov pat pse36 clflush mmx fxsr sse sse2 ht syscall nx mmxext fxsr_opt pdpe1gb rdtscp lm constant_tsc rep_good acc_power nopl nonstop_tsc cpuid extd_apicid aperfmperf pni pclmulqdq monitor ssse3 fma cx16 sse4_1 sse4_2 movbe popcnt aes xsave avx f16c lahf_lm cmp_legacy svm extapic cr8_legacy abm sse4a misalignsse 3dnowprefetch osvw ibs xop skinit wdt lwp fma4 tce nodeid_msr tbm topoext perfctr_core perfctr_nb bpext ptsc mwaitx cpb hw_pstate ssbd ibpb vmmcall fsgsbase bmi1 avx2 smep bmi2 xsaveopt arat npt lbrv svm_lock nrip_save tsc_scale vmcb_clean flushbyasid decodeassists pausefilter pfthreshold avic vgif overflow_recov
bugs		: fxsave_leak sysret_ss_attrs null_seg spectre_v1 spectre_v2 spec_store_bypass
bogomips	: 5389.90
TLB size	: 1536 4K pages
clflush size	: 64
cache_alignment	: 64
address sizes	: 48 bits physical, 48 bits virtual
power management: ts ttp tm 100mhzsteps hwpstate cpb eff_freq_ro acc_power [13]

processor	: 1
vendor_id	: AuthenticAMD
cpu family	: 21
model		: 101
model name	: AMD A12-9720P RADEON R7, 12 COMPUTE CORES 4C+8G
stepping	: 1
microcode	: 0x600611a
cpu MHz		: 2694.943
cache size	: 1024 KB
physical id	: 0
siblings	: 4
core id		: 1
cpu cores	: 2
apicid		: 17
initial apicid	: 1
fpu		: yes
fpu_exception	: yes
cpuid level	: 13
wp		: yes
flags		: fpu vme de pse tsc msr pae mce cx8 apic sep mtrr pge mca cmov pat pse36 clflush mmx fxsr sse sse2 ht syscall nx mmxext fxsr_opt pdpe1gb rdtscp lm constant_tsc rep_good acc_power nopl nonstop_tsc cpuid extd_apicid aperfmperf pni pclmulqdq monitor ssse3 fma cx16 sse4_1 sse4_2 movbe popcnt aes xsave avx f16c lahf_lm cmp_legacy svm extapic cr8_legacy abm sse4a misalignsse 3dnowprefetch osvw ibs xop skinit wdt lwp fma4 tce nodeid_msr tbm topoext perfctr_core perfctr_nb bpext ptsc mwaitx cpb hw_pstate ssbd ibpb vmmcall fsgsbase bmi1 avx2 smep bmi2 xsaveopt arat npt lbrv svm_lock nrip_save tsc_scale vmcb_clean flushbyasid decodeassists pausefilter pfthreshold avic vgif overflow_recov
bugs		: fxsave_leak sysret_ss_attrs null_seg spectre_v1 spectre_v2 spec_store_bypass
bogomips	: 5389.90
TLB size	: 1536 4K pages
clflush size	: 64
cache_alignment	: 64
address sizes	: 48 bits physical, 48 bits virtual
power management: ts ttp tm 100mhzsteps hwpstate cpb eff_freq_ro acc_power [13]

processor	: 2
vendor_id	: AuthenticAMD
cpu family	: 21
model		: 101
model name	: AMD A12-9720P RADEON R7, 12 COMPUTE CORES 4C+8G
stepping	: 1
microcode	: 0x600611a
cpu MHz		: 2694.951
cache size	: 1024 KB
physical id	: 0
siblings	: 4
core id		: 2
cpu cores	: 2
apicid		: 18
initial apicid	: 2
fpu		: yes
fpu_exception	: yes
cpuid level	: 13
wp		: yes
flags		: fpu vme de pse tsc msr pae mce cx8 apic sep mtrr pge mca cmov pat pse36 clflush mmx fxsr sse sse2 ht syscall nx mmxext fxsr_opt pdpe1gb rdtscp lm constant_tsc rep_good acc_power nopl nonstop_tsc cpuid extd_apicid aperfmperf pni pclmulqdq monitor ssse3 fma cx16 sse4_1 sse4_2 movbe popcnt aes xsave avx f16c lahf_lm cmp_legacy svm extapic cr8_legacy abm sse4a misalignsse 3dnowprefetch osvw ibs xop skinit wdt lwp fma4 tce nodeid_msr tbm topoext perfctr_core perfctr_nb bpext ptsc mwaitx cpb hw_pstate ssbd ibpb vmmcall fsgsbase bmi1 avx2 smep bmi2 xsaveopt arat npt lbrv svm_lock nrip_save tsc_scale vmcb_clean flushbyasid decodeassists pausefilter pfthreshold avic vgif overflow_recov
bugs		: fxsave_leak sysret_ss_attrs null_seg spectre_v1 spectre_v2 spec_store_bypass
bogomips	: 5389.90
TLB size	: 1536 4K pages
clflush size	: 64
cache_alignment	: 64
address sizes	: 48 bits physical, 48 bits virtual
power management: ts ttp tm 100mhzsteps hwpstate cpb eff_freq_ro acc_power [13]

processor	: 3
vendor_id	: AuthenticAMD
cpu family	: 21
model		: 101
model name	: AMD A12-9720P RADEON R7, 12 COMPUTE CORES 4C+8G
stepping	: 1
microcode	: 0x600611a
cpu MHz		: 2694.950
cache size	: 1024 KB
physical id	: 0
siblings	: 4
core id		: 3
cpu cores	: 2
apicid		: 19
initial apicid	: 3
fpu		: yes
fpu_exception	: yes
cpuid level	: 13
wp		: yes
flags		: fpu vme de pse tsc msr pae mce cx8 apic sep mtrr pge mca cmov pat pse36 clflush mmx fxsr sse sse2 ht syscall nx mmxext fxsr_opt pdpe1gb rdtscp lm constant_tsc rep_good acc_power nopl nonstop_tsc cpuid extd_apicid aperfmperf pni pclmulqdq monitor ssse3 fma cx16 sse4_1 sse4_2 movbe popcnt aes xsave avx f16c lahf_lm cmp_legacy svm extapic cr8_legacy abm sse4a misalignsse 3dnowprefetch osvw ibs xop skinit wdt lwp fma4 tce nodeid_msr tbm topoext perfctr_core perfctr_nb bpext ptsc mwaitx cpb hw_pstate ssbd ibpb vmmcall fsgsbase bmi1 avx2 smep bmi2 xsaveopt arat npt lbrv svm_lock nrip_save tsc_scale vmcb_clean flushbyasid decodeassists pausefilter pfthreshold avic vgif overflow_recov
bugs		: fxsave_leak sysret_ss_attrs null_seg spectre_v1 spectre_v2 spec_store_bypass
bogomips	: 5389.90
TLB size	: 1536 4K pages
clflush size	: 64
cache_alignment	: 64
address sizes	: 48 bits physical, 48 bits virtual
power management: ts ttp tm 100mhzsteps hwpstate cpb eff_freq_ro acc_power [13]



Memory: 4k page, physical 7600384k(125880k free), swap 488444k(264k free)

vm_info: OpenJDK 64-Bit Server VM (25.162-b12) for linux-amd64 JRE (1.8.0_162-8u162-b12-1-b12), built on Mar 15 2018 17:19:50 by "buildd" with gcc 7.3.0

time: Fri Jun  5 15:44:58 2020
elapsed time: 48 seconds (0d 0h 0m 48s)

