#
# There is insufficient memory for the Java Runtime Environment to continue.
# Native memory allocation (mmap) failed to map 328204288 bytes for committing reserved memory.
# Possible reasons:
#   The system is out of physical RAM or swap space
#   In 32 bit mode, the process size limit was hit
# Possible solutions:
#   Reduce memory load on the system
#   Increase physical memory or swap space
#   Check if swap backing store is full
#   Use 64 bit Java on a 64 bit OS
#   Decrease Java heap size (-Xmx/-Xms)
#   Decrease number of Java threads
#   Decrease Java thread stack sizes (-Xss)
#   Set larger code cache with -XX:ReservedCodeCacheSize=
# This output file may be truncated or incomplete.
#
#  Out of Memory Error (os_linux.cpp:2643), pid=19112, tid=0x00007f882c1f1700
#
# JRE version: OpenJDK Runtime Environment (8.0_162-b12) (build 1.8.0_162-8u162-b12-1-b12)
# Java VM: OpenJDK 64-Bit Server VM (25.162-b12 mixed mode linux-amd64 compressed oops)
# Failed to write core dump. Core dumps have been disabled. To enable core dumping, try "ulimit -c unlimited" before starting Java again
#

---------------  T H R E A D  ---------------

Current thread (0x00007f883c079000):  VMThread [stack: 0x00007f882c0f2000,0x00007f882c1f2000] [id=19123]

Stack: [0x00007f882c0f2000,0x00007f882c1f2000],  sp=0x00007f882c1f0440,  free space=1017k
Native frames: (J=compiled Java code, j=interpreted, Vv=VM code, C=native code)
V  [libjvm.so+0xaaa522]
V  [libjvm.so+0x4d7a77]
V  [libjvm.so+0x8e5bb0]
V  [libjvm.so+0x8e010e]
V  [libjvm.so+0x960926]
V  [libjvm.so+0x94f59a]
V  [libjvm.so+0x94f768]
V  [libjvm.so+0x950370]
V  [libjvm.so+0x95670c]
V  [libjvm.so+0x95e7f5]
V  [libjvm.so+0x90ce68]
V  [libjvm.so+0xaac1e2]
V  [libjvm.so+0xab0dc6]
V  [libjvm.so+0xaaf065]
V  [libjvm.so+0xaaf9dd]
V  [libjvm.so+0xaafdb7]
V  [libjvm.so+0x8e3002]

VM_Operation (0x00007f88455c0630): ParallelGCFailedAllocation, mode: safepoint, requested by thread 0x00007f883c00b000


---------------  P R O C E S S  ---------------

Java Threads: ( => current thread )
  0x00007f883c0bb800 JavaThread "Service Thread" daemon [_thread_blocked, id=19130, stack(0x00007f881f9e9000,0x00007f881faea000)]
  0x00007f883c0b4000 JavaThread "C1 CompilerThread2" daemon [_thread_blocked, id=19129, stack(0x00007f881faeb000,0x00007f881fbeb000)]
  0x00007f883c0b2800 JavaThread "C2 CompilerThread1" daemon [_thread_blocked, id=19128, stack(0x00007f88240fc000,0x00007f88241fc000)]
  0x00007f883c0af800 JavaThread "C2 CompilerThread0" daemon [_thread_blocked, id=19127, stack(0x00007f88241fd000,0x00007f88242fd000)]
  0x00007f883c0ad800 JavaThread "Signal Dispatcher" daemon [_thread_blocked, id=19126, stack(0x00007f88242fd000,0x00007f88243fe000)]
  0x00007f883c085000 JavaThread "Finalizer" daemon [_thread_blocked, id=19125, stack(0x00007f88243fe000,0x00007f88244ff000)]
  0x00007f883c080800 JavaThread "Reference Handler" daemon [_thread_blocked, id=19124, stack(0x00007f88244ff000,0x00007f8824600000)]
  0x00007f883c00b000 JavaThread "main" [_thread_blocked, id=19114, stack(0x00007f88454c2000,0x00007f88455c2000)]

Other Threads:
=>0x00007f883c079000 VMThread [stack: 0x00007f882c0f2000,0x00007f882c1f2000] [id=19123]
  0x00007f883c0be000 WatcherThread [stack: 0x00007f881f8e9000,0x00007f881f9e9000] [id=19131]

VM state:at safepoint (normal execution)

VM Mutex/Monitor currently owned by a thread:  ([mutex/lock_event])
[0x00007f883c0074f0] ExpandHeap_lock - owner thread: 0x00007f883c079000
[0x00007f883c007b70] Threads_lock - owner thread: 0x00007f883c079000
[0x00007f883c008070] Heap_lock - owner thread: 0x00007f883c00b000

Heap:
 PSYoungGen      total 336896K, used 195904K [0x00000000d9580000, 0x00000000fde80000, 0x0000000100000000)
  eden space 125952K, 0% used [0x00000000d9580000,0x00000000d9580000,0x00000000e1080000)
  from space 210944K, 92% used [0x00000000e1080000,0x00000000ecfd0200,0x00000000ede80000)
  to   space 210944K, 0% used [0x00000000f1080000,0x00000000f1080000,0x00000000fde80000)
 ParOldGen       total 497664K, used 497568K [0x000000008c000000, 0x00000000aa600000, 0x00000000d9580000)
  object space 497664K, 99% used [0x000000008c000000,0x00000000aa5e8058,0x00000000aa600000)
 Metaspace       used 3826K, capacity 4710K, committed 4864K, reserved 1056768K
  class space    used 412K, capacity 461K, committed 512K, reserved 1048576K

Card table byte_map: [0x00007f884166a000,0x00007f8841a0b000] byte_map_base: 0x00007f884120a000

Marking Bits: (ParMarkBitMap*) 0x00007f884472a120
 Begin Bits: [0x00007f8824600000, 0x00007f8826300000)
 End Bits:   [0x00007f8826300000, 0x00007f8828000000)

Polling page: 0x00007f88454c0000

CodeCache: size=245760Kb used=1582Kb max_used=1595Kb free=244177Kb
 bounds [0x00007f882d000000, 0x00007f882d270000, 0x00007f883c000000]
 total_blobs=533 nmethods=270 adapters=179
 compilation: enabled

Compilation events (10 events):
Event: 0,654 Thread 0x00007f883c0b2800 nmethod 266 0x00007f882d187cd0 code [0x00007f882d187e20, 0x00007f882d187f58]
Event: 0,654 Thread 0x00007f883c0b2800  267       4       java.util.LinkedList::addFirst (6 bytes)
Event: 0,656 Thread 0x00007f883c0b2800 nmethod 267 0x00007f882d187950 code [0x00007f882d187aa0, 0x00007f882d187bd8]
Event: 0,660 Thread 0x00007f883c0af800 nmethod 265 0x00007f882d187190 code [0x00007f882d187320, 0x00007f882d187608]
Event: 0,673 Thread 0x00007f883c0b4000  268 %     3       roadgraph.MapGraph::buildPath @ 31 (70 bytes)
Event: 0,674 Thread 0x00007f883c0b4000 nmethod 268% 0x00007f882d188ad0 code [0x00007f882d188ce0, 0x00007f882d1897a8]
Event: 0,674 Thread 0x00007f883c0b4000  269       3       roadgraph.MapGraph::buildPath (70 bytes)
Event: 0,675 Thread 0x00007f883c0b4000 nmethod 269 0x00007f882d18ac10 code [0x00007f882d18ae20, 0x00007f882d18b848]
Event: 0,679 Thread 0x00007f883c0b2800  270 %     4       roadgraph.MapGraph::buildPath @ 31 (70 bytes)
Event: 0,703 Thread 0x00007f883c0b2800 nmethod 270% 0x00007f882d18f010 code [0x00007f882d18f1e0, 0x00007f882d18f8b8]

GC Heap History (10 events):
Event: 25,219 GC heap after
Heap after GC invocations=8 (full 3):
 PSYoungGen      total 91136K, used 0K [0x00000000d9580000, 0x00000000ec900000, 0x0000000100000000)
  eden space 86528K, 0% used [0x00000000d9580000,0x00000000d9580000,0x00000000dea00000)
  from space 4608K, 0% used [0x00000000dea00000,0x00000000dea00000,0x00000000dee80000)
  to   space 96256K, 0% used [0x00000000e6b00000,0x00000000e6b00000,0x00000000ec900000)
 ParOldGen       total 497664K, used 259813K [0x000000008c000000, 0x00000000aa600000, 0x00000000d9580000)
  object space 497664K, 52% used [0x000000008c000000,0x000000009bdb9700,0x00000000aa600000)
 Metaspace       used 3826K, capacity 4710K, committed 4864K, reserved 1056768K
  class space    used 412K, capacity 461K, committed 512K, reserved 1048576K
}
Event: 25,417 GC heap before
{Heap before GC invocations=9 (full 3):
 PSYoungGen      total 91136K, used 86528K [0x00000000d9580000, 0x00000000ec900000, 0x0000000100000000)
  eden space 86528K, 100% used [0x00000000d9580000,0x00000000dea00000,0x00000000dea00000)
  from space 4608K, 0% used [0x00000000dea00000,0x00000000dea00000,0x00000000dee80000)
  to   space 96256K, 0% used [0x00000000e6b00000,0x00000000e6b00000,0x00000000ec900000)
 ParOldGen       total 497664K, used 259813K [0x000000008c000000, 0x00000000aa600000, 0x00000000d9580000)
  object space 497664K, 52% used [0x000000008c000000,0x000000009bdb9700,0x00000000aa600000)
 Metaspace       used 3826K, capacity 4710K, committed 4864K, reserved 1056768K
  class space    used 412K, capacity 461K, committed 512K, reserved 1048576K
Event: 26,385 GC heap after
Heap after GC invocations=9 (full 3):
 PSYoungGen      total 206848K, used 86720K [0x00000000d9580000, 0x00000000edd80000, 0x0000000100000000)
  eden space 110592K, 0% used [0x00000000d9580000,0x00000000d9580000,0x00000000e0180000)
  from space 96256K, 90% used [0x00000000e6b00000,0x00000000ebfb0000,0x00000000ec900000)
  to   space 108032K, 0% used [0x00000000e0180000,0x00000000e0180000,0x00000000e6b00000)
 ParOldGen       total 497664K, used 259813K [0x000000008c000000, 0x00000000aa600000, 0x00000000d9580000)
  object space 497664K, 52% used [0x000000008c000000,0x000000009bdb9700,0x00000000aa600000)
 Metaspace       used 3826K, capacity 4710K, committed 4864K, reserved 1056768K
  class space    used 412K, capacity 461K, committed 512K, reserved 1048576K
}
Event: 26,671 GC heap before
{Heap before GC invocations=10 (full 3):
 PSYoungGen      total 206848K, used 197312K [0x00000000d9580000, 0x00000000edd80000, 0x0000000100000000)
  eden space 110592K, 100% used [0x00000000d9580000,0x00000000e0180000,0x00000000e0180000)
  from space 96256K, 90% used [0x00000000e6b00000,0x00000000ebfb0000,0x00000000ec900000)
  to   space 108032K, 0% used [0x00000000e0180000,0x00000000e0180000,0x00000000e6b00000)
 ParOldGen       total 497664K, used 259813K [0x000000008c000000, 0x00000000aa600000, 0x00000000d9580000)
  object space 497664K, 52% used [0x000000008c000000,0x000000009bdb9700,0x00000000aa600000)
 Metaspace       used 3826K, capacity 4710K, committed 4864K, reserved 1056768K
  class space    used 412K, capacity 461K, committed 512K, reserved 1048576K
Event: 28,541 GC heap after
Heap after GC invocations=10 (full 3):
 PSYoungGen      total 218624K, used 108032K [0x00000000d9580000, 0x00000000f8500000, 0x0000000100000000)
  eden space 110592K, 0% used [0x00000000d9580000,0x00000000d9580000,0x00000000e0180000)
  from space 108032K, 100% used [0x00000000e0180000,0x00000000e6b00000,0x00000000e6b00000)
  to   space 170496K, 0% used [0x00000000ede80000,0x00000000ede80000,0x00000000f8500000)
 ParOldGen       total 497664K, used 349373K [0x000000008c000000, 0x00000000aa600000, 0x00000000d9580000)
  object space 497664K, 70% used [0x000000008c000000,0x00000000a152f700,0x00000000aa600000)
 Metaspace       used 3826K, capacity 4710K, committed 4864K, reserved 1056768K
  class space    used 412K, capacity 461K, committed 512K, reserved 1048576K
}
Event: 28,803 GC heap before
{Heap before GC invocations=11 (full 3):
 PSYoungGen      total 218624K, used 218624K [0x00000000d9580000, 0x00000000f8500000, 0x0000000100000000)
  eden space 110592K, 100% used [0x00000000d9580000,0x00000000e0180000,0x00000000e0180000)
  from space 108032K, 100% used [0x00000000e0180000,0x00000000e6b00000,0x00000000e6b00000)
  to   space 170496K, 0% used [0x00000000ede80000,0x00000000ede80000,0x00000000f8500000)
 ParOldGen       total 497664K, used 349373K [0x000000008c000000, 0x00000000aa600000, 0x00000000d9580000)
  object space 497664K, 70% used [0x000000008c000000,0x00000000a152f700,0x00000000aa600000)
 Metaspace       used 3826K, capacity 4710K, committed 4864K, reserved 1056768K
  class space    used 412K, capacity 461K, committed 512K, reserved 1048576K
Event: 30,423 GC heap after
Heap after GC invocations=11 (full 3):
 PSYoungGen      total 296448K, used 170496K [0x00000000d9580000, 0x00000000fde00000, 0x0000000100000000)
  eden space 125952K, 0% used [0x00000000d9580000,0x00000000d9580000,0x00000000e1080000)
  from space 170496K, 100% used [0x00000000ede80000,0x00000000f8500000,0x00000000f8500000)
  to   space 210944K, 0% used [0x00000000e1080000,0x00000000e1080000,0x00000000ede80000)
 ParOldGen       total 497664K, used 397757K [0x000000008c000000, 0x00000000aa600000, 0x00000000d9580000)
  object space 497664K, 79% used [0x000000008c000000,0x00000000a446f700,0x00000000aa600000)
 Metaspace       used 3826K, capacity 4710K, committed 4864K, reserved 1056768K
  class space    used 412K, capacity 461K, committed 512K, reserved 1048576K
}
Event: 30,694 GC heap before
{Heap before GC invocations=12 (full 3):
 PSYoungGen      total 296448K, used 296448K [0x00000000d9580000, 0x00000000fde00000, 0x0000000100000000)
  eden space 125952K, 100% used [0x00000000d9580000,0x00000000e1080000,0x00000000e1080000)
  from space 170496K, 100% used [0x00000000ede80000,0x00000000f8500000,0x00000000f8500000)
  to   space 210944K, 0% used [0x00000000e1080000,0x00000000e1080000,0x00000000ede80000)
 ParOldGen       total 497664K, used 397757K [0x000000008c000000, 0x00000000aa600000, 0x00000000d9580000)
  object space 497664K, 79% used [0x000000008c000000,0x00000000a446f700,0x00000000aa600000)
 Metaspace       used 3826K, capacity 4710K, committed 4864K, reserved 1056768K
  class space    used 412K, capacity 461K, committed 512K, reserved 1048576K
Event: 33,144 GC heap after
Heap after GC invocations=12 (full 3):
 PSYoungGen      total 336896K, used 210944K [0x00000000d9580000, 0x00000000fde80000, 0x0000000100000000)
  eden space 125952K, 0% used [0x00000000d9580000,0x00000000d9580000,0x00000000e1080000)
  from space 210944K, 100% used [0x00000000e1080000,0x00000000ede80000,0x00000000ede80000)
  to   space 210944K, 0% used [0x00000000f1080000,0x00000000f1080000,0x00000000fde80000)
 ParOldGen       total 497664K, used 483653K [0x000000008c000000, 0x00000000aa600000, 0x00000000d9580000)
  object space 497664K, 97% used [0x000000008c000000,0x00000000a9851700,0x00000000aa600000)
 Metaspace       used 3826K, capacity 4710K, committed 4864K, reserved 1056768K
  class space    used 412K, capacity 461K, committed 512K, reserved 1048576K
}
Event: 33,144 GC heap before
{Heap before GC invocations=13 (full 4):
 PSYoungGen      total 336896K, used 210944K [0x00000000d9580000, 0x00000000fde80000, 0x0000000100000000)
  eden space 125952K, 0% used [0x00000000d9580000,0x00000000d9580000,0x00000000e1080000)
  from space 210944K, 100% used [0x00000000e1080000,0x00000000ede80000,0x00000000ede80000)
  to   space 210944K, 0% used [0x00000000f1080000,0x00000000f1080000,0x00000000fde80000)
 ParOldGen       total 497664K, used 483653K [0x000000008c000000, 0x00000000aa600000, 0x00000000d9580000)
  object space 497664K, 97% used [0x000000008c000000,0x00000000a9851700,0x00000000aa600000)
 Metaspace       used 3826K, capacity 4710K, committed 4864K, reserved 1056768K
  class space    used 412K, capacity 461K, committed 512K, reserved 1048576K

Deoptimization events (0 events):
No events

Classes redefined (0 events):
No events

Internal exceptions (7 events):
Event: 0,075 Thread 0x00007f883c00b000 Exception <a 'java/lang/NoSuchMethodError': Method sun.misc.Unsafe.defineClass(Ljava/lang/String;[BII)Ljava/lang/Class; name or signature does not match> (0x00000000d9587ca0) thrown at [/build/openjdk-8-v3AEsl/openjdk-8-8u162-b12/src/hotspot/src/share/vm/
Event: 0,075 Thread 0x00007f883c00b000 Exception <a 'java/lang/NoSuchMethodError': Method sun.misc.Unsafe.prefetchRead(Ljava/lang/Object;J)V name or signature does not match> (0x00000000d9587f88) thrown at [/build/openjdk-8-v3AEsl/openjdk-8-8u162-b12/src/hotspot/src/share/vm/prims/jni.cpp, lin
Event: 0,240 Thread 0x00007f883c00b000 Exception <a 'java/util/zip/ZipException'> (0x00000000d95d1a88) thrown at [/build/openjdk-8-v3AEsl/openjdk-8-8u162-b12/src/hotspot/src/share/vm/prims/jni.cpp, line 709]
Event: 0,240 Thread 0x00007f883c00b000 Exception <a 'java/security/PrivilegedActionException'> (0x00000000d95d1d28) thrown at [/build/openjdk-8-v3AEsl/openjdk-8-8u162-b12/src/hotspot/src/share/vm/prims/jvm.cpp, line 1390]
Event: 0,240 Thread 0x00007f883c00b000 Exception <a 'java/security/PrivilegedActionException'> (0x00000000d95d1f38) thrown at [/build/openjdk-8-v3AEsl/openjdk-8-8u162-b12/src/hotspot/src/share/vm/prims/jvm.cpp, line 1390]
Event: 0,507 Thread 0x00007f883c00b000 Exception <a 'java/lang/NoSuchFieldError': method resolution failed> (0x00000000d9793ec0) thrown at [/build/openjdk-8-v3AEsl/openjdk-8-8u162-b12/src/hotspot/src/share/vm/prims/methodHandles.cpp, line 1167]
Event: 0,532 Thread 0x00007f883c00b000 Exception <a 'java/lang/NoSuchFieldError': method resolution failed> (0x00000000d97a12f0) thrown at [/build/openjdk-8-v3AEsl/openjdk-8-8u162-b12/src/hotspot/src/share/vm/prims/methodHandles.cpp, line 1167]

Events (10 events):
Event: 11,042 Executing VM operation: ParallelGCFailedAllocation done
Event: 11,132 Executing VM operation: ParallelGCFailedAllocation
Event: 25,220 Executing VM operation: ParallelGCFailedAllocation done
Event: 25,417 Executing VM operation: ParallelGCFailedAllocation
Event: 26,385 Executing VM operation: ParallelGCFailedAllocation done
Event: 26,671 Executing VM operation: ParallelGCFailedAllocation
Event: 28,541 Executing VM operation: ParallelGCFailedAllocation done
Event: 28,803 Executing VM operation: ParallelGCFailedAllocation
Event: 30,423 Executing VM operation: ParallelGCFailedAllocation done
Event: 30,694 Executing VM operation: ParallelGCFailedAllocation


Dynamic libraries:
8c000000-aa600000 rw-p 00000000 00:00 0 
bdf00000-d9580000 ---p 00000000 00:00 0 
d9580000-fde80000 rw-p 00000000 00:00 0 
fde80000-100000000 ---p 00000000 00:00 0 
100000000-100080000 rw-p 00000000 00:00 0 
100080000-140000000 ---p 00000000 00:00 0 
5601c6145000-5601c6146000 r-xp 00000000 08:07 1838752                    /usr/lib/jvm/java-8-openjdk-amd64/jre/bin/java
5601c6345000-5601c6346000 r--p 00000000 08:07 1838752                    /usr/lib/jvm/java-8-openjdk-amd64/jre/bin/java
5601c6346000-5601c6347000 rw-p 00001000 08:07 1838752                    /usr/lib/jvm/java-8-openjdk-amd64/jre/bin/java
5601c6795000-5601c67b6000 rw-p 00000000 00:00 0                          [heap]
7f87f0000000-7f87f0021000 rw-p 00000000 00:00 0 
7f87f0021000-7f87f4000000 ---p 00000000 00:00 0 
7f87f4000000-7f87f4021000 rw-p 00000000 00:00 0 
7f87f4021000-7f87f8000000 ---p 00000000 00:00 0 
7f87f8000000-7f87f8029000 rw-p 00000000 00:00 0 
7f87f8029000-7f87fc000000 ---p 00000000 00:00 0 
7f87fc000000-7f87fc207000 rw-p 00000000 00:00 0 
7f87fc207000-7f8800000000 ---p 00000000 00:00 0 
7f8800000000-7f8800021000 rw-p 00000000 00:00 0 
7f8800021000-7f8804000000 ---p 00000000 00:00 0 
7f8804000000-7f88040c6000 rw-p 00000000 00:00 0 
7f88040c6000-7f8808000000 ---p 00000000 00:00 0 
7f8808000000-7f8808021000 rw-p 00000000 00:00 0 
7f8808021000-7f880c000000 ---p 00000000 00:00 0 
7f880c000000-7f880c021000 rw-p 00000000 00:00 0 
7f880c021000-7f8810000000 ---p 00000000 00:00 0 
7f8810000000-7f8810021000 rw-p 00000000 00:00 0 
7f8810021000-7f8814000000 ---p 00000000 00:00 0 
7f8814000000-7f8814021000 rw-p 00000000 00:00 0 
7f8814021000-7f8818000000 ---p 00000000 00:00 0 
7f8818000000-7f8818021000 rw-p 00000000 00:00 0 
7f8818021000-7f881c000000 ---p 00000000 00:00 0 
7f881f8e8000-7f881f8e9000 ---p 00000000 00:00 0 
7f881f8e9000-7f881f9e9000 rw-p 00000000 00:00 0 
7f881f9e9000-7f881f9ec000 ---p 00000000 00:00 0 
7f881f9ec000-7f881faea000 rw-p 00000000 00:00 0 
7f881faea000-7f881faeb000 ---p 00000000 00:00 0 
7f881faeb000-7f881faee000 ---p 00000000 00:00 0 
7f881faee000-7f881fbeb000 rw-p 00000000 00:00 0 
7f881fbeb000-7f881fffa000 r--p 00000000 08:07 401275                     /usr/lib/locale/locale-archive
7f8820000000-7f8820021000 rw-p 00000000 00:00 0 
7f8820021000-7f8824000000 ---p 00000000 00:00 0 
7f88240fb000-7f88240fc000 ---p 00000000 00:00 0 
7f88240fc000-7f88240ff000 ---p 00000000 00:00 0 
7f88240ff000-7f88241fc000 rw-p 00000000 00:00 0 
7f88241fc000-7f88241fd000 ---p 00000000 00:00 0 
7f88241fd000-7f8824200000 ---p 00000000 00:00 0 
7f8824200000-7f88242fd000 rw-p 00000000 00:00 0 
7f88242fd000-7f8824300000 ---p 00000000 00:00 0 
7f8824300000-7f88243fe000 rw-p 00000000 00:00 0 
7f88243fe000-7f8824401000 ---p 00000000 00:00 0 
7f8824401000-7f88244ff000 rw-p 00000000 00:00 0 
7f88244ff000-7f8824502000 ---p 00000000 00:00 0 
7f8824502000-7f8828000000 rw-p 00000000 00:00 0 
7f8828000000-7f8828021000 rw-p 00000000 00:00 0 
7f8828021000-7f882c000000 ---p 00000000 00:00 0 
7f882c032000-7f882c035000 r--s 0000f000 08:07 1839067                    /usr/lib/jvm/java-8-openjdk-amd64/jre/lib/ext/icedtea-sound.jar
7f882c037000-7f882c052000 r--s 00394000 08:07 1839065                    /usr/lib/jvm/java-8-openjdk-amd64/jre/lib/ext/cldrdata.jar
7f882c056000-7f882c0ed000 r--s 007cb000 08:07 1709199                    /usr/share/java/openjfx/jre/lib/ext/jfxrt.jar
7f882c0f1000-7f882c0f2000 ---p 00000000 00:00 0 
7f882c0f2000-7f882d000000 rw-p 00000000 00:00 0 
7f882d000000-7f882d270000 rwxp 00000000 00:00 0 
7f882d270000-7f883c000000 ---p 00000000 00:00 0 
7f883c000000-7f883c18f000 rw-p 00000000 00:00 0 
7f883c18f000-7f8840000000 ---p 00000000 00:00 0 
7f8840001000-7f884001c000 r--s 001d6000 08:07 1839070                    /usr/lib/jvm/java-8-openjdk-amd64/jre/lib/ext/nashorn.jar
7f8840023000-7f8840025000 r--s 00008000 08:07 1839071                    /usr/lib/jvm/java-8-openjdk-amd64/jre/lib/ext/sunec.jar
7f884002b000-7f884002c000 r--s 00010000 08:07 1839074                    /usr/lib/jvm/java-8-openjdk-amd64/jre/lib/ext/zipfs.jar
7f8840031000-7f884003b000 r--s 00116000 08:07 1839069                    /usr/lib/jvm/java-8-openjdk-amd64/jre/lib/ext/localedata.jar
7f884003e000-7f8840043000 r--s 0003b000 08:07 1839072                    /usr/lib/jvm/java-8-openjdk-amd64/jre/lib/ext/sunjce_provider.jar
7f8840045000-7f8840046000 r--s 0000a000 08:07 1839068                    /usr/lib/jvm/java-8-openjdk-amd64/jre/lib/ext/jaccess.jar
7f884004a000-7f884004c000 r--s 00007000 08:07 659010                     /usr/share/java/java-atk-wrapper.jar
7f8840053000-7f8840056000 r--s 00038000 08:07 1839073                    /usr/lib/jvm/java-8-openjdk-amd64/jre/lib/ext/sunpkcs11.jar
7f884005c000-7f884005e000 r--s 00001000 08:07 1839066                    /usr/lib/jvm/java-8-openjdk-amd64/jre/lib/ext/dnsns.jar
7f8840065000-7f8840217000 rw-p 00000000 00:00 0 
7f8840217000-7f88403e5000 r--s 03c2c000 08:07 1839094                    /usr/lib/jvm/java-8-openjdk-amd64/jre/lib/rt.jar
7f88403e5000-7f884089b000 rw-p 00000000 00:00 0 
7f884089b000-7f8840c5b000 ---p 00000000 00:00 0 
7f8840c5b000-7f8840ffb000 rw-p 00000000 00:00 0 
7f8840ffb000-7f8840ffc000 ---p 00000000 00:00 0 
7f8840ffc000-7f88410fc000 rw-p 00000000 00:00 0 
7f88410fc000-7f88410fd000 ---p 00000000 00:00 0 
7f88410fd000-7f88411fd000 rw-p 00000000 00:00 0 
7f88411fd000-7f88411fe000 ---p 00000000 00:00 0 
7f88411fe000-7f88412fe000 rw-p 00000000 00:00 0 
7f88412fe000-7f88412ff000 ---p 00000000 00:00 0 
7f88412ff000-7f88414f2000 rw-p 00000000 00:00 0 
7f88414f2000-7f884166a000 ---p 00000000 00:00 0 
7f884166a000-7f884175d000 rw-p 00000000 00:00 0 
7f884175d000-7f88418d4000 ---p 00000000 00:00 0 
7f88418d4000-7f88419fa000 rw-p 00000000 00:00 0 
7f88419fa000-7f8841a0a000 ---p 00000000 00:00 0 
7f8841a0a000-7f8841a15000 rw-p 00000000 00:00 0 
7f8841a15000-7f8841dcb000 ---p 00000000 00:00 0 
7f8841dcb000-7f8841dd3000 r-xp 00000000 08:07 1839051                    /usr/lib/jvm/java-8-openjdk-amd64/jre/lib/amd64/libzip.so
7f8841dd3000-7f8841fd2000 ---p 00008000 08:07 1839051                    /usr/lib/jvm/java-8-openjdk-amd64/jre/lib/amd64/libzip.so
7f8841fd2000-7f8841fd3000 r--p 00007000 08:07 1839051                    /usr/lib/jvm/java-8-openjdk-amd64/jre/lib/amd64/libzip.so
7f8841fd3000-7f8841fd4000 rw-p 00008000 08:07 1839051                    /usr/lib/jvm/java-8-openjdk-amd64/jre/lib/amd64/libzip.so
7f8841fdb000-7f8841fe6000 r-xp 00000000 08:07 1050825                    /lib/x86_64-linux-gnu/libnss_files-2.27.so
7f8841fe6000-7f88421e5000 ---p 0000b000 08:07 1050825                    /lib/x86_64-linux-gnu/libnss_files-2.27.so
7f88421e5000-7f88421e6000 r--p 0000a000 08:07 1050825                    /lib/x86_64-linux-gnu/libnss_files-2.27.so
7f88421e6000-7f88421e7000 rw-p 0000b000 08:07 1050825                    /lib/x86_64-linux-gnu/libnss_files-2.27.so
7f88421e7000-7f88421ed000 rw-p 00000000 00:00 0 
7f88421f3000-7f884220a000 r-xp 00000000 08:07 1050822                    /lib/x86_64-linux-gnu/libnsl-2.27.so
7f884220a000-7f8842409000 ---p 00017000 08:07 1050822                    /lib/x86_64-linux-gnu/libnsl-2.27.so
7f8842409000-7f884240a000 r--p 00016000 08:07 1050822                    /lib/x86_64-linux-gnu/libnsl-2.27.so
7f884240a000-7f884240b000 rw-p 00017000 08:07 1050822                    /lib/x86_64-linux-gnu/libnsl-2.27.so
7f884240b000-7f884240d000 rw-p 00000000 00:00 0 
7f8842413000-7f884241e000 r-xp 00000000 08:07 1050827                    /lib/x86_64-linux-gnu/libnss_nis-2.27.so
7f884241e000-7f884261d000 ---p 0000b000 08:07 1050827                    /lib/x86_64-linux-gnu/libnss_nis-2.27.so
7f884261d000-7f884261e000 r--p 0000a000 08:07 1050827                    /lib/x86_64-linux-gnu/libnss_nis-2.27.so
7f884261e000-7f884261f000 rw-p 0000b000 08:07 1050827                    /lib/x86_64-linux-gnu/libnss_nis-2.27.so
7f8842623000-7f884262b000 r-xp 00000000 08:07 1050823                    /lib/x86_64-linux-gnu/libnss_compat-2.27.so
7f884262b000-7f884282b000 ---p 00008000 08:07 1050823                    /lib/x86_64-linux-gnu/libnss_compat-2.27.so
7f884282b000-7f884282c000 r--p 00008000 08:07 1050823                    /lib/x86_64-linux-gnu/libnss_compat-2.27.so
7f884282c000-7f884282d000 rw-p 00009000 08:07 1050823                    /lib/x86_64-linux-gnu/libnss_compat-2.27.so
7f8842833000-7f8842861000 r-xp 00000000 08:07 1838781                    /usr/lib/jvm/java-8-openjdk-amd64/jre/lib/amd64/libjava.so
7f8842861000-7f8842a60000 ---p 0002e000 08:07 1838781                    /usr/lib/jvm/java-8-openjdk-amd64/jre/lib/amd64/libjava.so
7f8842a60000-7f8842a61000 r--p 0002d000 08:07 1838781                    /usr/lib/jvm/java-8-openjdk-amd64/jre/lib/amd64/libjava.so
7f8842a61000-7f8842a63000 rw-p 0002e000 08:07 1838781                    /usr/lib/jvm/java-8-openjdk-amd64/jre/lib/amd64/libjava.so
7f8842a63000-7f8842a73000 r-xp 00000000 08:07 1838954                    /usr/lib/jvm/java-8-openjdk-amd64/jre/lib/amd64/libverify.so
7f8842a73000-7f8842c72000 ---p 00010000 08:07 1838954                    /usr/lib/jvm/java-8-openjdk-amd64/jre/lib/amd64/libverify.so
7f8842c72000-7f8842c74000 r--p 0000f000 08:07 1838954                    /usr/lib/jvm/java-8-openjdk-amd64/jre/lib/amd64/libverify.so
7f8842c74000-7f8842c75000 rw-p 00011000 08:07 1838954                    /usr/lib/jvm/java-8-openjdk-amd64/jre/lib/amd64/libverify.so
7f8842c7b000-7f8842c82000 r-xp 00000000 08:07 1050832                    /lib/x86_64-linux-gnu/librt-2.27.so
7f8842c82000-7f8842e81000 ---p 00007000 08:07 1050832                    /lib/x86_64-linux-gnu/librt-2.27.so
7f8842e81000-7f8842e82000 r--p 00006000 08:07 1050832                    /lib/x86_64-linux-gnu/librt-2.27.so
7f8842e82000-7f8842e83000 rw-p 00007000 08:07 1050832                    /lib/x86_64-linux-gnu/librt-2.27.so
7f8842e83000-7f8842e9a000 r-xp 00000000 08:07 1052642                    /lib/x86_64-linux-gnu/libgcc_s.so.1
7f8842e9a000-7f8843099000 ---p 00017000 08:07 1052642                    /lib/x86_64-linux-gnu/libgcc_s.so.1
7f8843099000-7f884309a000 r--p 00016000 08:07 1052642                    /lib/x86_64-linux-gnu/libgcc_s.so.1
7f884309a000-7f884309b000 rw-p 00017000 08:07 1052642                    /lib/x86_64-linux-gnu/libgcc_s.so.1
7f884309b000-7f8843238000 r-xp 00000000 08:07 1050819                    /lib/x86_64-linux-gnu/libm-2.27.so
7f8843238000-7f8843437000 ---p 0019d000 08:07 1050819                    /lib/x86_64-linux-gnu/libm-2.27.so
7f8843437000-7f8843438000 r--p 0019c000 08:07 1050819                    /lib/x86_64-linux-gnu/libm-2.27.so
7f8843438000-7f8843439000 rw-p 0019d000 08:07 1050819                    /lib/x86_64-linux-gnu/libm-2.27.so
7f884343b000-7f88435b4000 r-xp 00000000 08:07 394562                     /usr/lib/x86_64-linux-gnu/libstdc++.so.6.0.25
7f88435b4000-7f88437b4000 ---p 00179000 08:07 394562                     /usr/lib/x86_64-linux-gnu/libstdc++.so.6.0.25
7f88437b4000-7f88437be000 r--p 00179000 08:07 394562                     /usr/lib/x86_64-linux-gnu/libstdc++.so.6.0.25
7f88437be000-7f88437c0000 rw-p 00183000 08:07 394562                     /usr/lib/x86_64-linux-gnu/libstdc++.so.6.0.25
7f88437c0000-7f88437c4000 rw-p 00000000 00:00 0 
7f88437cb000-7f884445b000 r-xp 00000000 08:07 1839054                    /usr/lib/jvm/java-8-openjdk-amd64/jre/lib/amd64/server/libjvm.so
7f884445b000-7f884465b000 ---p 00c90000 08:07 1839054                    /usr/lib/jvm/java-8-openjdk-amd64/jre/lib/amd64/server/libjvm.so
7f884465b000-7f88446ee000 r--p 00c90000 08:07 1839054                    /usr/lib/jvm/java-8-openjdk-amd64/jre/lib/amd64/server/libjvm.so
7f88446ee000-7f8844716000 rw-p 00d23000 08:07 1839054                    /usr/lib/jvm/java-8-openjdk-amd64/jre/lib/amd64/server/libjvm.so
7f8844716000-7f8844747000 rw-p 00000000 00:00 0 
7f884474b000-7f8844765000 r-xp 00000000 08:07 1050830                    /lib/x86_64-linux-gnu/libpthread-2.27.so
7f8844765000-7f8844964000 ---p 0001a000 08:07 1050830                    /lib/x86_64-linux-gnu/libpthread-2.27.so
7f8844964000-7f8844965000 r--p 00019000 08:07 1050830                    /lib/x86_64-linux-gnu/libpthread-2.27.so
7f8844965000-7f8844966000 rw-p 0001a000 08:07 1050830                    /lib/x86_64-linux-gnu/libpthread-2.27.so
7f8844966000-7f884496a000 rw-p 00000000 00:00 0 
7f884496b000-7f884496e000 r-xp 00000000 08:07 1050818                    /lib/x86_64-linux-gnu/libdl-2.27.so
7f884496e000-7f8844b6d000 ---p 00003000 08:07 1050818                    /lib/x86_64-linux-gnu/libdl-2.27.so
7f8844b6d000-7f8844b6e000 r--p 00002000 08:07 1050818                    /lib/x86_64-linux-gnu/libdl-2.27.so
7f8844b6e000-7f8844b6f000 rw-p 00003000 08:07 1050818                    /lib/x86_64-linux-gnu/libdl-2.27.so
7f8844b73000-7f8844b8f000 r-xp 00000000 08:07 1050910                    /lib/x86_64-linux-gnu/libz.so.1.2.11
7f8844b8f000-7f8844d8e000 ---p 0001c000 08:07 1050910                    /lib/x86_64-linux-gnu/libz.so.1.2.11
7f8844d8e000-7f8844d8f000 r--p 0001b000 08:07 1050910                    /lib/x86_64-linux-gnu/libz.so.1.2.11
7f8844d8f000-7f8844d90000 rw-p 0001c000 08:07 1050910                    /lib/x86_64-linux-gnu/libz.so.1.2.11
7f8844d93000-7f8844f7a000 r-xp 00000000 08:07 1050815                    /lib/x86_64-linux-gnu/libc-2.27.so
7f8844f7a000-7f884517a000 ---p 001e7000 08:07 1050815                    /lib/x86_64-linux-gnu/libc-2.27.so
7f884517a000-7f884517e000 r--p 001e7000 08:07 1050815                    /lib/x86_64-linux-gnu/libc-2.27.so
7f884517e000-7f8845180000 rw-p 001eb000 08:07 1050815                    /lib/x86_64-linux-gnu/libc-2.27.so
7f8845180000-7f8845184000 rw-p 00000000 00:00 0 
7f884518b000-7f8845199000 r-xp 00000000 08:07 1838765                    /usr/lib/jvm/java-8-openjdk-amd64/jre/lib/amd64/jli/libjli.so
7f8845199000-7f8845398000 ---p 0000e000 08:07 1838765                    /usr/lib/jvm/java-8-openjdk-amd64/jre/lib/amd64/jli/libjli.so
7f8845398000-7f8845399000 r--p 0000d000 08:07 1838765                    /usr/lib/jvm/java-8-openjdk-amd64/jre/lib/amd64/jli/libjli.so
7f8845399000-7f884539a000 rw-p 0000e000 08:07 1838765                    /usr/lib/jvm/java-8-openjdk-amd64/jre/lib/amd64/jli/libjli.so
7f884539b000-7f88453c2000 r-xp 00000000 08:07 1050806                    /lib/x86_64-linux-gnu/ld-2.27.so
7f88453c9000-7f88454b3000 rw-p 00000000 00:00 0 
7f88454b3000-7f88454bb000 rw-s 00000000 08:07 1064422                    /tmp/hsperfdata_juan/19112
7f88454bf000-7f88454c0000 rw-p 00000000 00:00 0 
7f88454c0000-7f88454c2000 ---p 00000000 00:00 0 
7f88454c2000-7f88454c5000 ---p 00000000 00:00 0 
7f88454c5000-7f88455c2000 rw-p 00000000 00:00 0 
7f88455c2000-7f88455c3000 r--p 00027000 08:07 1050806                    /lib/x86_64-linux-gnu/ld-2.27.so
7f88455c3000-7f88455c4000 rw-p 00028000 08:07 1050806                    /lib/x86_64-linux-gnu/ld-2.27.so
7f88455c4000-7f88455c7000 rw-p 00000000 00:00 0 
7f88455c7000-7f88455c9000 rw-p 00000000 00:00 0 
7fff84d2d000-7fff84d4f000 rw-p 00000000 00:00 0                          [stack]
7fff84ddb000-7fff84dde000 r--p 00000000 00:00 0                          [vvar]
7fff84dde000-7fff84ddf000 r-xp 00000000 00:00 0                          [vdso]
ffffffffff600000-ffffffffff601000 r-xp 00000000 00:00 0                  [vsyscall]

VM Arguments:
jvm_args: -Dfile.encoding=UTF-8 
java_command: roadgraph.MapGraph
java_class_path (initial): /home/juan/eclipse-workspace/UCSDGraphs/bin:/home/juan/eclipse-workspace/UCSDGraphs/libs/javax.json-1.0.4.jar:/home/juan/eclipse-java-2020-03-R-linux-gtk-x86_64/eclipse/plugins/org.junit_4.13.0.v20200204-1500.jar:/home/juan/eclipse-java-2020-03-R-linux-gtk-x86_64/eclipse/plugins/org.hamcrest.core_1.3.0.v20180420-1519.jar
Launcher Type: SUN_STANDARD

Environment Variables:
PATH=/home/juan/anaconda3/condabin:/home/juan/bin:/home/juan/.local/bin:/usr/local/sbin:/usr/local/bin:/usr/sbin:/usr/bin:/sbin:/bin:/usr/games:/usr/local/games:/snap/bin
USERNAME=juan
SHELL=/bin/bash
DISPLAY=:0

Signal Handlers:
SIGSEGV: [libjvm.so+0xaaae70], sa_mask[0]=11111111011111111101111111111110, sa_flags=SA_RESTART|SA_SIGINFO
SIGBUS: [libjvm.so+0xaaae70], sa_mask[0]=11111111011111111101111111111110, sa_flags=SA_RESTART|SA_SIGINFO
SIGFPE: [libjvm.so+0x8e1240], sa_mask[0]=11111111011111111101111111111110, sa_flags=SA_RESTART|SA_SIGINFO
SIGPIPE: [libjvm.so+0x8e1240], sa_mask[0]=11111111011111111101111111111110, sa_flags=SA_RESTART|SA_SIGINFO
SIGXFSZ: [libjvm.so+0x8e1240], sa_mask[0]=11111111011111111101111111111110, sa_flags=SA_RESTART|SA_SIGINFO
SIGILL: [libjvm.so+0x8e1240], sa_mask[0]=11111111011111111101111111111110, sa_flags=SA_RESTART|SA_SIGINFO
SIGUSR1: SIG_DFL, sa_mask[0]=00000000000000000000000000000000, sa_flags=none
SIGUSR2: [libjvm.so+0x8e10f0], sa_mask[0]=00100000000000000000000000000000, sa_flags=SA_RESTART|SA_SIGINFO
SIGHUP: [libjvm.so+0x8e15a0], sa_mask[0]=11111111011111111101111111111110, sa_flags=SA_RESTART|SA_SIGINFO
SIGINT: [libjvm.so+0x8e15a0], sa_mask[0]=11111111011111111101111111111110, sa_flags=SA_RESTART|SA_SIGINFO
SIGTERM: [libjvm.so+0x8e15a0], sa_mask[0]=11111111011111111101111111111110, sa_flags=SA_RESTART|SA_SIGINFO
SIGQUIT: [libjvm.so+0x8e15a0], sa_mask[0]=11111111011111111101111111111110, sa_flags=SA_RESTART|SA_SIGINFO


---------------  S Y S T E M  ---------------

OS:DISTRIB_ID=Ubuntu
DISTRIB_RELEASE=18.04
DISTRIB_CODENAME=bionic
DISTRIB_DESCRIPTION="Ubuntu 18.04.3 LTS"

uname:Linux 5.0.0-37-generic #40~18.04.1-Ubuntu SMP Thu Nov 14 12:06:39 UTC 2019 x86_64
libc:glibc 2.27 NPTL 2.27 
rlimit: STACK 8192k, CORE 0k, NPROC 29242, NOFILE 4096, AS infinity
load average:10,39 4,62 2,98

/proc/meminfo:
MemTotal:        7600384 kB
MemFree:          122132 kB
MemAvailable:      56916 kB
Buffers:            5316 kB
Cached:           247840 kB
SwapCached:        23480 kB
Active:          6172008 kB
Inactive:         917504 kB
Active(anon):    6120024 kB
Inactive(anon):   874888 kB
Active(file):      51984 kB
Inactive(file):    42616 kB
Unevictable:         188 kB
Mlocked:             188 kB
SwapTotal:        488444 kB
SwapFree:              0 kB
Dirty:               408 kB
Writeback:             0 kB
AnonPages:       6813676 kB
Mapped:           234940 kB
Shmem:            158144 kB
KReclaimable:      44576 kB
Slab:             110352 kB
SReclaimable:      44576 kB
SUnreclaim:        65776 kB
KernelStack:       20624 kB
PageTables:        87244 kB
NFS_Unstable:          0 kB
Bounce:                0 kB
WritebackTmp:          0 kB
CommitLimit:     4288636 kB
Committed_AS:   15770328 kB
VmallocTotal:   34359738367 kB
VmallocUsed:           0 kB
VmallocChunk:          0 kB
Percpu:             1648 kB
HardwareCorrupted:     0 kB
AnonHugePages:         0 kB
ShmemHugePages:        0 kB
ShmemPmdMapped:        0 kB
CmaTotal:              0 kB
CmaFree:               0 kB
HugePages_Total:       0
HugePages_Free:        0
HugePages_Rsvd:        0
HugePages_Surp:        0
Hugepagesize:       2048 kB
Hugetlb:               0 kB
DirectMap4k:      557428 kB
DirectMap2M:     7192576 kB
DirectMap1G:     1048576 kB


CPU:total 4 (initial active 4) (4 cores per cpu, 1 threads per core) family 21 model 101 stepping 1, cmov, cx8, fxsr, mmx, sse, sse2, sse3, ssse3, sse4.1, sse4.2, popcnt, avx, avx2, aes, clmul, mmxext, 3dnowpref, lzcnt, sse4a, tsc, tscinvbit, tscinv, bmi1

/proc/cpuinfo:
processor	: 0
vendor_id	: AuthenticAMD
cpu family	: 21
model		: 101
model name	: AMD A12-9720P RADEON R7, 12 COMPUTE CORES 4C+8G
stepping	: 1
microcode	: 0x600611a
cpu MHz		: 1885.371
cache size	: 1024 KB
physical id	: 0
siblings	: 4
core id		: 0
cpu cores	: 2
apicid		: 16
initial apicid	: 0
fpu		: yes
fpu_exception	: yes
cpuid level	: 13
wp		: yes
flags		: fpu vme de pse tsc msr pae mce cx8 apic sep mtrr pge mca cmov pat pse36 clflush mmx fxsr sse sse2 ht syscall nx mmxext fxsr_opt pdpe1gb rdtscp lm constant_tsc rep_good acc_power nopl nonstop_tsc cpuid extd_apicid aperfmperf pni pclmulqdq monitor ssse3 fma cx16 sse4_1 sse4_2 movbe popcnt aes xsave avx f16c lahf_lm cmp_legacy svm extapic cr8_legacy abm sse4a misalignsse 3dnowprefetch osvw ibs xop skinit wdt lwp fma4 tce nodeid_msr tbm topoext perfctr_core perfctr_nb bpext ptsc mwaitx cpb hw_pstate ssbd ibpb vmmcall fsgsbase bmi1 avx2 smep bmi2 xsaveopt arat npt lbrv svm_lock nrip_save tsc_scale vmcb_clean flushbyasid decodeassists pausefilter pfthreshold avic vgif overflow_recov
bugs		: fxsave_leak sysret_ss_attrs null_seg spectre_v1 spectre_v2 spec_store_bypass
bogomips	: 5389.90
TLB size	: 1536 4K pages
clflush size	: 64
cache_alignment	: 64
address sizes	: 48 bits physical, 48 bits virtual
power management: ts ttp tm 100mhzsteps hwpstate cpb eff_freq_ro acc_power [13]

processor	: 1
vendor_id	: AuthenticAMD
cpu family	: 21
model		: 101
model name	: AMD A12-9720P RADEON R7, 12 COMPUTE CORES 4C+8G
stepping	: 1
microcode	: 0x600611a
cpu MHz		: 1889.000
cache size	: 1024 KB
physical id	: 0
siblings	: 4
core id		: 1
cpu cores	: 2
apicid		: 17
initial apicid	: 1
fpu		: yes
fpu_exception	: yes
cpuid level	: 13
wp		: yes
flags		: fpu vme de pse tsc msr pae mce cx8 apic sep mtrr pge mca cmov pat pse36 clflush mmx fxsr sse sse2 ht syscall nx mmxext fxsr_opt pdpe1gb rdtscp lm constant_tsc rep_good acc_power nopl nonstop_tsc cpuid extd_apicid aperfmperf pni pclmulqdq monitor ssse3 fma cx16 sse4_1 sse4_2 movbe popcnt aes xsave avx f16c lahf_lm cmp_legacy svm extapic cr8_legacy abm sse4a misalignsse 3dnowprefetch osvw ibs xop skinit wdt lwp fma4 tce nodeid_msr tbm topoext perfctr_core perfctr_nb bpext ptsc mwaitx cpb hw_pstate ssbd ibpb vmmcall fsgsbase bmi1 avx2 smep bmi2 xsaveopt arat npt lbrv svm_lock nrip_save tsc_scale vmcb_clean flushbyasid decodeassists pausefilter pfthreshold avic vgif overflow_recov
bugs		: fxsave_leak sysret_ss_attrs null_seg spectre_v1 spectre_v2 spec_store_bypass
bogomips	: 5389.90
TLB size	: 1536 4K pages
clflush size	: 64
cache_alignment	: 64
address sizes	: 48 bits physical, 48 bits virtual
power management: ts ttp tm 100mhzsteps hwpstate cpb eff_freq_ro acc_power [13]

processor	: 2
vendor_id	: AuthenticAMD
cpu family	: 21
model		: 101
model name	: AMD A12-9720P RADEON R7, 12 COMPUTE CORES 4C+8G
stepping	: 1
microcode	: 0x600611a
cpu MHz		: 1890.983
cache size	: 1024 KB
physical id	: 0
siblings	: 4
core id		: 2
cpu cores	: 2
apicid		: 18
initial apicid	: 2
fpu		: yes
fpu_exception	: yes
cpuid level	: 13
wp		: yes
flags		: fpu vme de pse tsc msr pae mce cx8 apic sep mtrr pge mca cmov pat pse36 clflush mmx fxsr sse sse2 ht syscall nx mmxext fxsr_opt pdpe1gb rdtscp lm constant_tsc rep_good acc_power nopl nonstop_tsc cpuid extd_apicid aperfmperf pni pclmulqdq monitor ssse3 fma cx16 sse4_1 sse4_2 movbe popcnt aes xsave avx f16c lahf_lm cmp_legacy svm extapic cr8_legacy abm sse4a misalignsse 3dnowprefetch osvw ibs xop skinit wdt lwp fma4 tce nodeid_msr tbm topoext perfctr_core perfctr_nb bpext ptsc mwaitx cpb hw_pstate ssbd ibpb vmmcall fsgsbase bmi1 avx2 smep bmi2 xsaveopt arat npt lbrv svm_lock nrip_save tsc_scale vmcb_clean flushbyasid decodeassists pausefilter pfthreshold avic vgif overflow_recov
bugs		: fxsave_leak sysret_ss_attrs null_seg spectre_v1 spectre_v2 spec_store_bypass
bogomips	: 5389.90
TLB size	: 1536 4K pages
clflush size	: 64
cache_alignment	: 64
address sizes	: 48 bits physical, 48 bits virtual
power management: ts ttp tm 100mhzsteps hwpstate cpb eff_freq_ro acc_power [13]

processor	: 3
vendor_id	: AuthenticAMD
cpu family	: 21
model		: 101
model name	: AMD A12-9720P RADEON R7, 12 COMPUTE CORES 4C+8G
stepping	: 1
microcode	: 0x600611a
cpu MHz		: 1893.592
cache size	: 1024 KB
physical id	: 0
siblings	: 4
core id		: 3
cpu cores	: 2
apicid		: 19
initial apicid	: 3
fpu		: yes
fpu_exception	: yes
cpuid level	: 13
wp		: yes
flags		: fpu vme de pse tsc msr pae mce cx8 apic sep mtrr pge mca cmov pat pse36 clflush mmx fxsr sse sse2 ht syscall nx mmxext fxsr_opt pdpe1gb rdtscp lm constant_tsc rep_good acc_power nopl nonstop_tsc cpuid extd_apicid aperfmperf pni pclmulqdq monitor ssse3 fma cx16 sse4_1 sse4_2 movbe popcnt aes xsave avx f16c lahf_lm cmp_legacy svm extapic cr8_legacy abm sse4a misalignsse 3dnowprefetch osvw ibs xop skinit wdt lwp fma4 tce nodeid_msr tbm topoext perfctr_core perfctr_nb bpext ptsc mwaitx cpb hw_pstate ssbd ibpb vmmcall fsgsbase bmi1 avx2 smep bmi2 xsaveopt arat npt lbrv svm_lock nrip_save tsc_scale vmcb_clean flushbyasid decodeassists pausefilter pfthreshold avic vgif overflow_recov
bugs		: fxsave_leak sysret_ss_attrs null_seg spectre_v1 spectre_v2 spec_store_bypass
bogomips	: 5389.90
TLB size	: 1536 4K pages
clflush size	: 64
cache_alignment	: 64
address sizes	: 48 bits physical, 48 bits virtual
power management: ts ttp tm 100mhzsteps hwpstate cpb eff_freq_ro acc_power [13]



Memory: 4k page, physical 7600384k(121880k free), swap 488444k(0k free)

vm_info: OpenJDK 64-Bit Server VM (25.162-b12) for linux-amd64 JRE (1.8.0_162-8u162-b12-1-b12), built on Mar 15 2018 17:19:50 by "buildd" with gcc 7.3.0

time: Fri Jun  5 17:11:57 2020
elapsed time: 48 seconds (0d 0h 0m 48s)

