#
# There is insufficient memory for the Java Runtime Environment to continue.
# Native memory allocation (mmap) failed to map 61865984 bytes for committing reserved memory.
# Possible reasons:
#   The system is out of physical RAM or swap space
#   In 32 bit mode, the process size limit was hit
# Possible solutions:
#   Reduce memory load on the system
#   Increase physical memory or swap space
#   Check if swap backing store is full
#   Use 64 bit Java on a 64 bit OS
#   Decrease Java heap size (-Xmx/-Xms)
#   Decrease number of Java threads
#   Decrease Java thread stack sizes (-Xss)
#   Set larger code cache with -XX:ReservedCodeCacheSize=
# This output file may be truncated or incomplete.
#
#  Out of Memory Error (os_linux.cpp:2643), pid=10068, tid=0x00007ff1dc5f5700
#
# JRE version: OpenJDK Runtime Environment (8.0_162-b12) (build 1.8.0_162-8u162-b12-1-b12)
# Java VM: OpenJDK 64-Bit Server VM (25.162-b12 mixed mode linux-amd64 compressed oops)
# Failed to write core dump. Core dumps have been disabled. To enable core dumping, try "ulimit -c unlimited" before starting Java again
#

---------------  T H R E A D  ---------------

Current thread (0x00007ff1ec079000):  VMThread [stack: 0x00007ff1dc4f6000,0x00007ff1dc5f6000] [id=10079]

Stack: [0x00007ff1dc4f6000,0x00007ff1dc5f6000],  sp=0x00007ff1dc5f4440,  free space=1017k
Native frames: (J=compiled Java code, j=interpreted, Vv=VM code, C=native code)
V  [libjvm.so+0xaaa522]
V  [libjvm.so+0x4d7a77]
V  [libjvm.so+0x8e5bb0]
V  [libjvm.so+0x8e010e]
V  [libjvm.so+0x960926]
V  [libjvm.so+0x94f59a]
V  [libjvm.so+0x94f768]
V  [libjvm.so+0x950370]
V  [libjvm.so+0x95670c]
V  [libjvm.so+0x95e7f5]
V  [libjvm.so+0x90ce68]
V  [libjvm.so+0xaac1e2]
V  [libjvm.so+0xab0dc6]
V  [libjvm.so+0xaaf065]
V  [libjvm.so+0xaaf9dd]
V  [libjvm.so+0xaafdb7]
V  [libjvm.so+0x8e3002]

VM_Operation (0x00007ff1f595c630): ParallelGCFailedAllocation, mode: safepoint, requested by thread 0x00007ff1ec00b000


---------------  P R O C E S S  ---------------

Java Threads: ( => current thread )
  0x00007ff1ec0bb800 JavaThread "Service Thread" daemon [_thread_blocked, id=10086, stack(0x00007ff1cfdfe000,0x00007ff1cfeff000)]
  0x00007ff1ec0b4000 JavaThread "C1 CompilerThread2" daemon [_thread_blocked, id=10085, stack(0x00007ff1cff00000,0x00007ff1d0000000)]
  0x00007ff1ec0b2800 JavaThread "C2 CompilerThread1" daemon [_thread_blocked, id=10084, stack(0x00007ff1d40eb000,0x00007ff1d41eb000)]
  0x00007ff1ec0af800 JavaThread "C2 CompilerThread0" daemon [_thread_blocked, id=10083, stack(0x00007ff1dc0f2000,0x00007ff1dc1f2000)]
  0x00007ff1ec0ad800 JavaThread "Signal Dispatcher" daemon [_thread_blocked, id=10082, stack(0x00007ff1dc1f2000,0x00007ff1dc2f3000)]
  0x00007ff1ec085000 JavaThread "Finalizer" daemon [_thread_blocked, id=10081, stack(0x00007ff1dc2f3000,0x00007ff1dc3f4000)]
  0x00007ff1ec080800 JavaThread "Reference Handler" daemon [_thread_blocked, id=10080, stack(0x00007ff1dc3f4000,0x00007ff1dc4f5000)]
  0x00007ff1ec00b000 JavaThread "main" [_thread_blocked, id=10074, stack(0x00007ff1f585e000,0x00007ff1f595e000)]

Other Threads:
=>0x00007ff1ec079000 VMThread [stack: 0x00007ff1dc4f6000,0x00007ff1dc5f6000] [id=10079]
  0x00007ff1ec0be000 WatcherThread [stack: 0x00007ff1cfcfe000,0x00007ff1cfdfe000] [id=10087]

VM state:at safepoint (normal execution)

VM Mutex/Monitor currently owned by a thread:  ([mutex/lock_event])
[0x00007ff1ec0074f0] ExpandHeap_lock - owner thread: 0x00007ff1ec079000
[0x00007ff1ec007b70] Threads_lock - owner thread: 0x00007ff1ec079000
[0x00007ff1ec008070] Heap_lock - owner thread: 0x00007ff1ec00b000

Heap:
 PSYoungGen      total 65024K, used 0K [0x00000000d9580000, 0x00000000dd980000, 0x0000000100000000)
  eden space 60416K, 0% used [0x00000000d9580000,0x00000000d9580000,0x00000000dd080000)
  from space 4608K, 0% used [0x00000000dd500000,0x00000000dd500000,0x00000000dd980000)
  to   space 4608K, 0% used [0x00000000dd080000,0x00000000dd080000,0x00000000dd500000)
 ParOldGen       total 79360K, used 58266K [0x000000008c000000, 0x0000000090d80000, 0x00000000d9580000)
  object space 79360K, 73% used [0x000000008c000000,0x000000008f8e6b28,0x0000000090d80000)
 Metaspace       used 3830K, capacity 4710K, committed 4864K, reserved 1056768K
  class space    used 415K, capacity 461K, committed 512K, reserved 1048576K

Card table byte_map: [0x00007ff1f1a0a000,0x00007ff1f1dab000] byte_map_base: 0x00007ff1f15aa000

Marking Bits: (ParMarkBitMap*) 0x00007ff1f4aca120
 Begin Bits: [0x00007ff1d4600000, 0x00007ff1d6300000)
 End Bits:   [0x00007ff1d6300000, 0x00007ff1d8000000)

Polling page: 0x00007ff1f585c000

CodeCache: size=245760Kb used=1526Kb max_used=1538Kb free=244233Kb
 bounds [0x00007ff1dd000000, 0x00007ff1dd270000, 0x00007ff1ec000000]
 total_blobs=521 nmethods=258 adapters=179
 compilation: enabled

Compilation events (10 events):
Event: 5,883 Thread 0x00007ff1ec0af800  253       4       java.util.HashMap::containsKey (18 bytes)
Event: 5,886 Thread 0x00007ff1ec0b2800  254       4       java.util.LinkedList::addFirst (6 bytes)
Event: 5,890 Thread 0x00007ff1ec0b2800 nmethod 254 0x00007ff1dd179710 code [0x00007ff1dd179860, 0x00007ff1dd179998]
Event: 5,909 Thread 0x00007ff1ec0af800 nmethod 253 0x00007ff1dd178f50 code [0x00007ff1dd1790e0, 0x00007ff1dd1793c8]
Event: 5,945 Thread 0x00007ff1ec0b4000  256 %     3       roadgraph.MapGraph::buildPath @ 31 (70 bytes)
Event: 5,946 Thread 0x00007ff1ec0b4000 nmethod 256% 0x00007ff1dd17a890 code [0x00007ff1dd17aaa0, 0x00007ff1dd17b568]
Event: 5,946 Thread 0x00007ff1ec0b4000  257       3       roadgraph.MapGraph::buildPath (70 bytes)
Event: 5,947 Thread 0x00007ff1ec0b4000 nmethod 257 0x00007ff1dd17c9d0 code [0x00007ff1dd17cbe0, 0x00007ff1dd17d608]
Event: 5,974 Thread 0x00007ff1ec0b2800  258 %     4       roadgraph.MapGraph::buildPath @ 31 (70 bytes)
Event: 6,164 Thread 0x00007ff1ec0b2800 nmethod 258% 0x00007ff1dd180dd0 code [0x00007ff1dd180fa0, 0x00007ff1dd181678]

GC Heap History (5 events):
Event: 6,213 GC heap before
{Heap before GC invocations=1 (full 0):
 PSYoungGen      total 34816K, used 30208K [0x00000000d9580000, 0x00000000dbc00000, 0x0000000100000000)
  eden space 30208K, 100% used [0x00000000d9580000,0x00000000db300000,0x00000000db300000)
  from space 4608K, 0% used [0x00000000db780000,0x00000000db780000,0x00000000dbc00000)
  to   space 4608K, 0% used [0x00000000db300000,0x00000000db300000,0x00000000db780000)
 ParOldGen       total 79360K, used 0K [0x000000008c000000, 0x0000000090d80000, 0x00000000d9580000)
  object space 79360K, 0% used [0x000000008c000000,0x000000008c000000,0x0000000090d80000)
 Metaspace       used 3829K, capacity 4710K, committed 4864K, reserved 1056768K
  class space    used 415K, capacity 461K, committed 512K, reserved 1048576K
Event: 6,566 GC heap after
Heap after GC invocations=1 (full 0):
 PSYoungGen      total 34816K, used 4608K [0x00000000d9580000, 0x00000000dd980000, 0x0000000100000000)
  eden space 30208K, 0% used [0x00000000d9580000,0x00000000d9580000,0x00000000db300000)
  from space 4608K, 100% used [0x00000000db300000,0x00000000db780000,0x00000000db780000)
  to   space 4608K, 0% used [0x00000000dd500000,0x00000000dd500000,0x00000000dd980000)
 ParOldGen       total 79360K, used 23592K [0x000000008c000000, 0x0000000090d80000, 0x00000000d9580000)
  object space 79360K, 29% used [0x000000008c000000,0x000000008d70a000,0x0000000090d80000)
 Metaspace       used 3829K, capacity 4710K, committed 4864K, reserved 1056768K
  class space    used 415K, capacity 461K, committed 512K, reserved 1048576K
}
Event: 6,639 GC heap before
{Heap before GC invocations=2 (full 0):
 PSYoungGen      total 34816K, used 34816K [0x00000000d9580000, 0x00000000dd980000, 0x0000000100000000)
  eden space 30208K, 100% used [0x00000000d9580000,0x00000000db300000,0x00000000db300000)
  from space 4608K, 100% used [0x00000000db300000,0x00000000db780000,0x00000000db780000)
  to   space 4608K, 0% used [0x00000000dd500000,0x00000000dd500000,0x00000000dd980000)
 ParOldGen       total 79360K, used 23592K [0x000000008c000000, 0x0000000090d80000, 0x00000000d9580000)
  object space 79360K, 29% used [0x000000008c000000,0x000000008d70a000,0x0000000090d80000)
 Metaspace       used 3830K, capacity 4710K, committed 4864K, reserved 1056768K
  class space    used 415K, capacity 461K, committed 512K, reserved 1048576K
Event: 7,603 GC heap after
Heap after GC invocations=2 (full 0):
 PSYoungGen      total 65024K, used 4576K [0x00000000d9580000, 0x00000000dd980000, 0x0000000100000000)
  eden space 60416K, 0% used [0x00000000d9580000,0x00000000d9580000,0x00000000dd080000)
  from space 4608K, 99% used [0x00000000dd500000,0x00000000dd978020,0x00000000dd980000)
  to   space 4608K, 0% used [0x00000000dd080000,0x00000000dd080000,0x00000000dd500000)
 ParOldGen       total 79360K, used 53960K [0x000000008c000000, 0x0000000090d80000, 0x00000000d9580000)
  object space 79360K, 67% used [0x000000008c000000,0x000000008f4b2000,0x0000000090d80000)
 Metaspace       used 3830K, capacity 4710K, committed 4864K, reserved 1056768K
  class space    used 415K, capacity 461K, committed 512K, reserved 1048576K
}
Event: 7,603 GC heap before
{Heap before GC invocations=3 (full 1):
 PSYoungGen      total 65024K, used 4576K [0x00000000d9580000, 0x00000000dd980000, 0x0000000100000000)
  eden space 60416K, 0% used [0x00000000d9580000,0x00000000d9580000,0x00000000dd080000)
  from space 4608K, 99% used [0x00000000dd500000,0x00000000dd978020,0x00000000dd980000)
  to   space 4608K, 0% used [0x00000000dd080000,0x00000000dd080000,0x00000000dd500000)
 ParOldGen       total 79360K, used 53960K [0x000000008c000000, 0x0000000090d80000, 0x00000000d9580000)
  object space 79360K, 67% used [0x000000008c000000,0x000000008f4b2000,0x0000000090d80000)
 Metaspace       used 3830K, capacity 4710K, committed 4864K, reserved 1056768K
  class space    used 415K, capacity 461K, committed 512K, reserved 1048576K

Deoptimization events (1 events):
Event: 1,518 Thread 0x00007ff1ec00b000 Uncommon trap: reason=unstable_if action=reinterpret pc=0x00007ff1dd112844 method=java.lang.String.equals(Ljava/lang/Object;)Z @ 53

Classes redefined (0 events):
No events

Internal exceptions (7 events):
Event: 0,701 Thread 0x00007ff1ec00b000 Exception <a 'java/lang/NoSuchMethodError': Method sun.misc.Unsafe.defineClass(Ljava/lang/String;[BII)Ljava/lang/Class; name or signature does not match> (0x00000000d9587ca0) thrown at [/build/openjdk-8-v3AEsl/openjdk-8-8u162-b12/src/hotspot/src/share/vm/
Event: 0,701 Thread 0x00007ff1ec00b000 Exception <a 'java/lang/NoSuchMethodError': Method sun.misc.Unsafe.prefetchRead(Ljava/lang/Object;J)V name or signature does not match> (0x00000000d9587f88) thrown at [/build/openjdk-8-v3AEsl/openjdk-8-8u162-b12/src/hotspot/src/share/vm/prims/jni.cpp, lin
Event: 1,408 Thread 0x00007ff1ec00b000 Exception <a 'java/util/zip/ZipException'> (0x00000000d95d1a88) thrown at [/build/openjdk-8-v3AEsl/openjdk-8-8u162-b12/src/hotspot/src/share/vm/prims/jni.cpp, line 709]
Event: 1,408 Thread 0x00007ff1ec00b000 Exception <a 'java/security/PrivilegedActionException'> (0x00000000d95d1d28) thrown at [/build/openjdk-8-v3AEsl/openjdk-8-8u162-b12/src/hotspot/src/share/vm/prims/jvm.cpp, line 1390]
Event: 1,408 Thread 0x00007ff1ec00b000 Exception <a 'java/security/PrivilegedActionException'> (0x00000000d95d1f38) thrown at [/build/openjdk-8-v3AEsl/openjdk-8-8u162-b12/src/hotspot/src/share/vm/prims/jvm.cpp, line 1390]
Event: 4,096 Thread 0x00007ff1ec00b000 Exception <a 'java/lang/NoSuchFieldError': method resolution failed> (0x00000000d97941b8) thrown at [/build/openjdk-8-v3AEsl/openjdk-8-8u162-b12/src/hotspot/src/share/vm/prims/methodHandles.cpp, line 1167]
Event: 4,127 Thread 0x00007ff1ec00b000 Exception <a 'java/lang/NoSuchFieldError': method resolution failed> (0x00000000d97a15e8) thrown at [/build/openjdk-8-v3AEsl/openjdk-8-8u162-b12/src/hotspot/src/share/vm/prims/methodHandles.cpp, line 1167]

Events (10 events):
Event: 5,625 loading class geography/GeographicPoint done
Event: 5,626 loading class java/util/PriorityQueue
Event: 5,847 loading class java/util/AbstractQueue
Event: 5,847 loading class java/util/AbstractQueue done
Event: 5,848 loading class java/util/PriorityQueue done
Event: 6,165 Thread 0x00007ff1ec00b000 DEOPT PACKING pc=0x00007ff1dd17b439 sp=0x00007ff1f595c700
Event: 6,165 Thread 0x00007ff1ec00b000 DEOPT UNPACKING pc=0x00007ff1dd0470c4 sp=0x00007ff1f595c4d0 mode 0
Event: 6,213 Executing VM operation: ParallelGCFailedAllocation
Event: 6,566 Executing VM operation: ParallelGCFailedAllocation done
Event: 6,639 Executing VM operation: ParallelGCFailedAllocation


Dynamic libraries:
8c000000-90d80000 rw-p 00000000 00:00 0 
94880000-d9580000 ---p 00000000 00:00 0 
d9580000-dd980000 rw-p 00000000 00:00 0 
dd980000-100000000 ---p 00000000 00:00 0 
100000000-100080000 rw-p 00000000 00:00 0 
100080000-140000000 ---p 00000000 00:00 0 
5653b0c0a000-5653b0c0b000 r-xp 00000000 08:07 1838752                    /usr/lib/jvm/java-8-openjdk-amd64/jre/bin/java
5653b0e0a000-5653b0e0b000 r--p 00000000 08:07 1838752                    /usr/lib/jvm/java-8-openjdk-amd64/jre/bin/java
5653b0e0b000-5653b0e0c000 rw-p 00001000 08:07 1838752                    /usr/lib/jvm/java-8-openjdk-amd64/jre/bin/java
5653b2c4c000-5653b2c6d000 rw-p 00000000 00:00 0                          [heap]
7ff1a0000000-7ff1a0021000 rw-p 00000000 00:00 0 
7ff1a0021000-7ff1a4000000 ---p 00000000 00:00 0 
7ff1a4000000-7ff1a4021000 rw-p 00000000 00:00 0 
7ff1a4021000-7ff1a8000000 ---p 00000000 00:00 0 
7ff1a8000000-7ff1a8056000 rw-p 00000000 00:00 0 
7ff1a8056000-7ff1ac000000 ---p 00000000 00:00 0 
7ff1ac000000-7ff1ac20b000 rw-p 00000000 00:00 0 
7ff1ac20b000-7ff1b0000000 ---p 00000000 00:00 0 
7ff1b0000000-7ff1b0021000 rw-p 00000000 00:00 0 
7ff1b0021000-7ff1b4000000 ---p 00000000 00:00 0 
7ff1b4000000-7ff1b4083000 rw-p 00000000 00:00 0 
7ff1b4083000-7ff1b8000000 ---p 00000000 00:00 0 
7ff1b8000000-7ff1b8021000 rw-p 00000000 00:00 0 
7ff1b8021000-7ff1bc000000 ---p 00000000 00:00 0 
7ff1bc000000-7ff1bc021000 rw-p 00000000 00:00 0 
7ff1bc021000-7ff1c0000000 ---p 00000000 00:00 0 
7ff1c0000000-7ff1c0021000 rw-p 00000000 00:00 0 
7ff1c0021000-7ff1c4000000 ---p 00000000 00:00 0 
7ff1c4000000-7ff1c4021000 rw-p 00000000 00:00 0 
7ff1c4021000-7ff1c8000000 ---p 00000000 00:00 0 
7ff1c8000000-7ff1c8021000 rw-p 00000000 00:00 0 
7ff1c8021000-7ff1cc000000 ---p 00000000 00:00 0 
7ff1cfcfd000-7ff1cfcfe000 ---p 00000000 00:00 0 
7ff1cfcfe000-7ff1cfdfe000 rw-p 00000000 00:00 0 
7ff1cfdfe000-7ff1cfe01000 ---p 00000000 00:00 0 
7ff1cfe01000-7ff1cfeff000 rw-p 00000000 00:00 0 
7ff1cfeff000-7ff1cff00000 ---p 00000000 00:00 0 
7ff1cff00000-7ff1cff03000 ---p 00000000 00:00 0 
7ff1cff03000-7ff1d0000000 rw-p 00000000 00:00 0 
7ff1d0000000-7ff1d0021000 rw-p 00000000 00:00 0 
7ff1d0021000-7ff1d4000000 ---p 00000000 00:00 0 
7ff1d40a7000-7ff1d40c2000 r--s 00394000 08:07 1839065                    /usr/lib/jvm/java-8-openjdk-amd64/jre/lib/ext/cldrdata.jar
7ff1d40c9000-7ff1d40e4000 r--s 001d6000 08:07 1839070                    /usr/lib/jvm/java-8-openjdk-amd64/jre/lib/ext/nashorn.jar
7ff1d40ea000-7ff1d40eb000 ---p 00000000 00:00 0 
7ff1d40eb000-7ff1d40ee000 ---p 00000000 00:00 0 
7ff1d40ee000-7ff1d41eb000 rw-p 00000000 00:00 0 
7ff1d41eb000-7ff1d45fa000 r--p 00000000 08:07 401275                     /usr/lib/locale/locale-archive
7ff1d4600000-7ff1d8000000 rw-p 00000000 00:00 0 
7ff1d8000000-7ff1d8021000 rw-p 00000000 00:00 0 
7ff1d8021000-7ff1dc000000 ---p 00000000 00:00 0 
7ff1dc012000-7ff1dc015000 r--s 0000f000 08:07 1839067                    /usr/lib/jvm/java-8-openjdk-amd64/jre/lib/ext/icedtea-sound.jar
7ff1dc01b000-7ff1dc01d000 r--s 00008000 08:07 1839071                    /usr/lib/jvm/java-8-openjdk-amd64/jre/lib/ext/sunec.jar
7ff1dc023000-7ff1dc024000 r--s 00010000 08:07 1839074                    /usr/lib/jvm/java-8-openjdk-amd64/jre/lib/ext/zipfs.jar
7ff1dc029000-7ff1dc033000 r--s 00116000 08:07 1839069                    /usr/lib/jvm/java-8-openjdk-amd64/jre/lib/ext/localedata.jar
7ff1dc036000-7ff1dc03b000 r--s 0003b000 08:07 1839072                    /usr/lib/jvm/java-8-openjdk-amd64/jre/lib/ext/sunjce_provider.jar
7ff1dc03e000-7ff1dc0d5000 r--s 007cb000 08:07 1709199                    /usr/share/java/openjfx/jre/lib/ext/jfxrt.jar
7ff1dc0d5000-7ff1dc0d6000 r--s 0000a000 08:07 1839068                    /usr/lib/jvm/java-8-openjdk-amd64/jre/lib/ext/jaccess.jar
7ff1dc0da000-7ff1dc0dc000 r--s 00007000 08:07 659010                     /usr/share/java/java-atk-wrapper.jar
7ff1dc0e3000-7ff1dc0e6000 r--s 00038000 08:07 1839073                    /usr/lib/jvm/java-8-openjdk-amd64/jre/lib/ext/sunpkcs11.jar
7ff1dc0ec000-7ff1dc0ee000 r--s 00001000 08:07 1839066                    /usr/lib/jvm/java-8-openjdk-amd64/jre/lib/ext/dnsns.jar
7ff1dc0f1000-7ff1dc0f2000 ---p 00000000 00:00 0 
7ff1dc0f2000-7ff1dc0f5000 ---p 00000000 00:00 0 
7ff1dc0f5000-7ff1dc1f2000 rw-p 00000000 00:00 0 
7ff1dc1f2000-7ff1dc1f5000 ---p 00000000 00:00 0 
7ff1dc1f5000-7ff1dc2f3000 rw-p 00000000 00:00 0 
7ff1dc2f3000-7ff1dc2f6000 ---p 00000000 00:00 0 
7ff1dc2f6000-7ff1dc3f4000 rw-p 00000000 00:00 0 
7ff1dc3f4000-7ff1dc3f7000 ---p 00000000 00:00 0 
7ff1dc3f7000-7ff1dc4f5000 rw-p 00000000 00:00 0 
7ff1dc4f5000-7ff1dc4f6000 ---p 00000000 00:00 0 
7ff1dc4f6000-7ff1dd000000 rw-p 00000000 00:00 0 
7ff1dd000000-7ff1dd270000 rwxp 00000000 00:00 0 
7ff1dd270000-7ff1ec000000 ---p 00000000 00:00 0 
7ff1ec000000-7ff1ec1aa000 rw-p 00000000 00:00 0 
7ff1ec1aa000-7ff1f0000000 ---p 00000000 00:00 0 
7ff1f0001000-7ff1f05b7000 rw-p 00000000 00:00 0 
7ff1f05b7000-7ff1f0785000 r--s 03c2c000 08:07 1839094                    /usr/lib/jvm/java-8-openjdk-amd64/jre/lib/rt.jar
7ff1f0785000-7ff1f0c3b000 rw-p 00000000 00:00 0 
7ff1f0c3b000-7ff1f0ffb000 ---p 00000000 00:00 0 
7ff1f0ffb000-7ff1f139b000 rw-p 00000000 00:00 0 
7ff1f139b000-7ff1f139c000 ---p 00000000 00:00 0 
7ff1f139c000-7ff1f149c000 rw-p 00000000 00:00 0 
7ff1f149c000-7ff1f149d000 ---p 00000000 00:00 0 
7ff1f149d000-7ff1f159d000 rw-p 00000000 00:00 0 
7ff1f159d000-7ff1f159e000 ---p 00000000 00:00 0 
7ff1f159e000-7ff1f169e000 rw-p 00000000 00:00 0 
7ff1f169e000-7ff1f169f000 ---p 00000000 00:00 0 
7ff1f169f000-7ff1f17c6000 rw-p 00000000 00:00 0 
7ff1f17c6000-7ff1f1a0a000 ---p 00000000 00:00 0 
7ff1f1a0a000-7ff1f1a31000 rw-p 00000000 00:00 0 
7ff1f1a31000-7ff1f1c74000 ---p 00000000 00:00 0 
7ff1f1c74000-7ff1f1c97000 rw-p 00000000 00:00 0 
7ff1f1c97000-7ff1f1daa000 ---p 00000000 00:00 0 
7ff1f1daa000-7ff1f1db5000 rw-p 00000000 00:00 0 
7ff1f1db5000-7ff1f216b000 ---p 00000000 00:00 0 
7ff1f216b000-7ff1f2173000 r-xp 00000000 08:07 1839051                    /usr/lib/jvm/java-8-openjdk-amd64/jre/lib/amd64/libzip.so
7ff1f2173000-7ff1f2372000 ---p 00008000 08:07 1839051                    /usr/lib/jvm/java-8-openjdk-amd64/jre/lib/amd64/libzip.so
7ff1f2372000-7ff1f2373000 r--p 00007000 08:07 1839051                    /usr/lib/jvm/java-8-openjdk-amd64/jre/lib/amd64/libzip.so
7ff1f2373000-7ff1f2374000 rw-p 00008000 08:07 1839051                    /usr/lib/jvm/java-8-openjdk-amd64/jre/lib/amd64/libzip.so
7ff1f237b000-7ff1f2386000 r-xp 00000000 08:07 1050825                    /lib/x86_64-linux-gnu/libnss_files-2.27.so
7ff1f2386000-7ff1f2585000 ---p 0000b000 08:07 1050825                    /lib/x86_64-linux-gnu/libnss_files-2.27.so
7ff1f2585000-7ff1f2586000 r--p 0000a000 08:07 1050825                    /lib/x86_64-linux-gnu/libnss_files-2.27.so
7ff1f2586000-7ff1f2587000 rw-p 0000b000 08:07 1050825                    /lib/x86_64-linux-gnu/libnss_files-2.27.so
7ff1f2587000-7ff1f258d000 rw-p 00000000 00:00 0 
7ff1f2593000-7ff1f25aa000 r-xp 00000000 08:07 1050822                    /lib/x86_64-linux-gnu/libnsl-2.27.so
7ff1f25aa000-7ff1f27a9000 ---p 00017000 08:07 1050822                    /lib/x86_64-linux-gnu/libnsl-2.27.so
7ff1f27a9000-7ff1f27aa000 r--p 00016000 08:07 1050822                    /lib/x86_64-linux-gnu/libnsl-2.27.so
7ff1f27aa000-7ff1f27ab000 rw-p 00017000 08:07 1050822                    /lib/x86_64-linux-gnu/libnsl-2.27.so
7ff1f27ab000-7ff1f27ad000 rw-p 00000000 00:00 0 
7ff1f27b3000-7ff1f27be000 r-xp 00000000 08:07 1050827                    /lib/x86_64-linux-gnu/libnss_nis-2.27.so
7ff1f27be000-7ff1f29bd000 ---p 0000b000 08:07 1050827                    /lib/x86_64-linux-gnu/libnss_nis-2.27.so
7ff1f29bd000-7ff1f29be000 r--p 0000a000 08:07 1050827                    /lib/x86_64-linux-gnu/libnss_nis-2.27.so
7ff1f29be000-7ff1f29bf000 rw-p 0000b000 08:07 1050827                    /lib/x86_64-linux-gnu/libnss_nis-2.27.so
7ff1f29c3000-7ff1f29cb000 r-xp 00000000 08:07 1050823                    /lib/x86_64-linux-gnu/libnss_compat-2.27.so
7ff1f29cb000-7ff1f2bcb000 ---p 00008000 08:07 1050823                    /lib/x86_64-linux-gnu/libnss_compat-2.27.so
7ff1f2bcb000-7ff1f2bcc000 r--p 00008000 08:07 1050823                    /lib/x86_64-linux-gnu/libnss_compat-2.27.so
7ff1f2bcc000-7ff1f2bcd000 rw-p 00009000 08:07 1050823                    /lib/x86_64-linux-gnu/libnss_compat-2.27.so
7ff1f2bd3000-7ff1f2c01000 r-xp 00000000 08:07 1838781                    /usr/lib/jvm/java-8-openjdk-amd64/jre/lib/amd64/libjava.so
7ff1f2c01000-7ff1f2e00000 ---p 0002e000 08:07 1838781                    /usr/lib/jvm/java-8-openjdk-amd64/jre/lib/amd64/libjava.so
7ff1f2e00000-7ff1f2e01000 r--p 0002d000 08:07 1838781                    /usr/lib/jvm/java-8-openjdk-amd64/jre/lib/amd64/libjava.so
7ff1f2e01000-7ff1f2e03000 rw-p 0002e000 08:07 1838781                    /usr/lib/jvm/java-8-openjdk-amd64/jre/lib/amd64/libjava.so
7ff1f2e03000-7ff1f2e13000 r-xp 00000000 08:07 1838954                    /usr/lib/jvm/java-8-openjdk-amd64/jre/lib/amd64/libverify.so
7ff1f2e13000-7ff1f3012000 ---p 00010000 08:07 1838954                    /usr/lib/jvm/java-8-openjdk-amd64/jre/lib/amd64/libverify.so
7ff1f3012000-7ff1f3014000 r--p 0000f000 08:07 1838954                    /usr/lib/jvm/java-8-openjdk-amd64/jre/lib/amd64/libverify.so
7ff1f3014000-7ff1f3015000 rw-p 00011000 08:07 1838954                    /usr/lib/jvm/java-8-openjdk-amd64/jre/lib/amd64/libverify.so
7ff1f301b000-7ff1f3022000 r-xp 00000000 08:07 1050832                    /lib/x86_64-linux-gnu/librt-2.27.so
7ff1f3022000-7ff1f3221000 ---p 00007000 08:07 1050832                    /lib/x86_64-linux-gnu/librt-2.27.so
7ff1f3221000-7ff1f3222000 r--p 00006000 08:07 1050832                    /lib/x86_64-linux-gnu/librt-2.27.so
7ff1f3222000-7ff1f3223000 rw-p 00007000 08:07 1050832                    /lib/x86_64-linux-gnu/librt-2.27.so
7ff1f3223000-7ff1f323a000 r-xp 00000000 08:07 1052642                    /lib/x86_64-linux-gnu/libgcc_s.so.1
7ff1f323a000-7ff1f3439000 ---p 00017000 08:07 1052642                    /lib/x86_64-linux-gnu/libgcc_s.so.1
7ff1f3439000-7ff1f343a000 r--p 00016000 08:07 1052642                    /lib/x86_64-linux-gnu/libgcc_s.so.1
7ff1f343a000-7ff1f343b000 rw-p 00017000 08:07 1052642                    /lib/x86_64-linux-gnu/libgcc_s.so.1
7ff1f343b000-7ff1f35d8000 r-xp 00000000 08:07 1050819                    /lib/x86_64-linux-gnu/libm-2.27.so
7ff1f35d8000-7ff1f37d7000 ---p 0019d000 08:07 1050819                    /lib/x86_64-linux-gnu/libm-2.27.so
7ff1f37d7000-7ff1f37d8000 r--p 0019c000 08:07 1050819                    /lib/x86_64-linux-gnu/libm-2.27.so
7ff1f37d8000-7ff1f37d9000 rw-p 0019d000 08:07 1050819                    /lib/x86_64-linux-gnu/libm-2.27.so
7ff1f37db000-7ff1f3954000 r-xp 00000000 08:07 394562                     /usr/lib/x86_64-linux-gnu/libstdc++.so.6.0.25
7ff1f3954000-7ff1f3b54000 ---p 00179000 08:07 394562                     /usr/lib/x86_64-linux-gnu/libstdc++.so.6.0.25
7ff1f3b54000-7ff1f3b5e000 r--p 00179000 08:07 394562                     /usr/lib/x86_64-linux-gnu/libstdc++.so.6.0.25
7ff1f3b5e000-7ff1f3b60000 rw-p 00183000 08:07 394562                     /usr/lib/x86_64-linux-gnu/libstdc++.so.6.0.25
7ff1f3b60000-7ff1f3b64000 rw-p 00000000 00:00 0 
7ff1f3b6b000-7ff1f47fb000 r-xp 00000000 08:07 1839054                    /usr/lib/jvm/java-8-openjdk-amd64/jre/lib/amd64/server/libjvm.so
7ff1f47fb000-7ff1f49fb000 ---p 00c90000 08:07 1839054                    /usr/lib/jvm/java-8-openjdk-amd64/jre/lib/amd64/server/libjvm.so
7ff1f49fb000-7ff1f4a8e000 r--p 00c90000 08:07 1839054                    /usr/lib/jvm/java-8-openjdk-amd64/jre/lib/amd64/server/libjvm.so
7ff1f4a8e000-7ff1f4ab6000 rw-p 00d23000 08:07 1839054                    /usr/lib/jvm/java-8-openjdk-amd64/jre/lib/amd64/server/libjvm.so
7ff1f4ab6000-7ff1f4ae7000 rw-p 00000000 00:00 0 
7ff1f4aeb000-7ff1f4b05000 r-xp 00000000 08:07 1050830                    /lib/x86_64-linux-gnu/libpthread-2.27.so
7ff1f4b05000-7ff1f4d04000 ---p 0001a000 08:07 1050830                    /lib/x86_64-linux-gnu/libpthread-2.27.so
7ff1f4d04000-7ff1f4d05000 r--p 00019000 08:07 1050830                    /lib/x86_64-linux-gnu/libpthread-2.27.so
7ff1f4d05000-7ff1f4d06000 rw-p 0001a000 08:07 1050830                    /lib/x86_64-linux-gnu/libpthread-2.27.so
7ff1f4d06000-7ff1f4d0a000 rw-p 00000000 00:00 0 
7ff1f4d0b000-7ff1f4d0e000 r-xp 00000000 08:07 1050818                    /lib/x86_64-linux-gnu/libdl-2.27.so
7ff1f4d0e000-7ff1f4f0d000 ---p 00003000 08:07 1050818                    /lib/x86_64-linux-gnu/libdl-2.27.so
7ff1f4f0d000-7ff1f4f0e000 r--p 00002000 08:07 1050818                    /lib/x86_64-linux-gnu/libdl-2.27.so
7ff1f4f0e000-7ff1f4f0f000 rw-p 00003000 08:07 1050818                    /lib/x86_64-linux-gnu/libdl-2.27.so
7ff1f4f13000-7ff1f4f2f000 r-xp 00000000 08:07 1050910                    /lib/x86_64-linux-gnu/libz.so.1.2.11
7ff1f4f2f000-7ff1f512e000 ---p 0001c000 08:07 1050910                    /lib/x86_64-linux-gnu/libz.so.1.2.11
7ff1f512e000-7ff1f512f000 r--p 0001b000 08:07 1050910                    /lib/x86_64-linux-gnu/libz.so.1.2.11
7ff1f512f000-7ff1f5130000 rw-p 0001c000 08:07 1050910                    /lib/x86_64-linux-gnu/libz.so.1.2.11
7ff1f5133000-7ff1f531a000 r-xp 00000000 08:07 1050815                    /lib/x86_64-linux-gnu/libc-2.27.so
7ff1f531a000-7ff1f551a000 ---p 001e7000 08:07 1050815                    /lib/x86_64-linux-gnu/libc-2.27.so
7ff1f551a000-7ff1f551e000 r--p 001e7000 08:07 1050815                    /lib/x86_64-linux-gnu/libc-2.27.so
7ff1f551e000-7ff1f5520000 rw-p 001eb000 08:07 1050815                    /lib/x86_64-linux-gnu/libc-2.27.so
7ff1f5520000-7ff1f5524000 rw-p 00000000 00:00 0 
7ff1f552b000-7ff1f5539000 r-xp 00000000 08:07 1838765                    /usr/lib/jvm/java-8-openjdk-amd64/jre/lib/amd64/jli/libjli.so
7ff1f5539000-7ff1f5738000 ---p 0000e000 08:07 1838765                    /usr/lib/jvm/java-8-openjdk-amd64/jre/lib/amd64/jli/libjli.so
7ff1f5738000-7ff1f5739000 r--p 0000d000 08:07 1838765                    /usr/lib/jvm/java-8-openjdk-amd64/jre/lib/amd64/jli/libjli.so
7ff1f5739000-7ff1f573a000 rw-p 0000e000 08:07 1838765                    /usr/lib/jvm/java-8-openjdk-amd64/jre/lib/amd64/jli/libjli.so
7ff1f573b000-7ff1f5762000 r-xp 00000000 08:07 1050806                    /lib/x86_64-linux-gnu/ld-2.27.so
7ff1f5769000-7ff1f5853000 rw-p 00000000 00:00 0 
7ff1f5853000-7ff1f585b000 rw-s 00000000 08:07 1977437                    /tmp/hsperfdata_juan/10068
7ff1f585b000-7ff1f585c000 rw-p 00000000 00:00 0 
7ff1f585c000-7ff1f585e000 ---p 00000000 00:00 0 
7ff1f585e000-7ff1f5861000 ---p 00000000 00:00 0 
7ff1f5861000-7ff1f5962000 rw-p 00000000 00:00 0 
7ff1f5962000-7ff1f5963000 r--p 00027000 08:07 1050806                    /lib/x86_64-linux-gnu/ld-2.27.so
7ff1f5963000-7ff1f5964000 rw-p 00028000 08:07 1050806                    /lib/x86_64-linux-gnu/ld-2.27.so
7ff1f5964000-7ff1f5965000 rw-p 00000000 00:00 0 
7ffcc24fc000-7ffcc251e000 rw-p 00000000 00:00 0                          [stack]
7ffcc25eb000-7ffcc25ee000 r--p 00000000 00:00 0                          [vvar]
7ffcc25ee000-7ffcc25ef000 r-xp 00000000 00:00 0                          [vdso]
ffffffffff600000-ffffffffff601000 r-xp 00000000 00:00 0                  [vsyscall]

VM Arguments:
jvm_args: -Dfile.encoding=UTF-8 
java_command: roadgraph.MapGraph
java_class_path (initial): /home/juan/eclipse-workspace/UCSDGraphs/bin:/home/juan/eclipse-workspace/UCSDGraphs/libs/javax.json-1.0.4.jar:/home/juan/eclipse-java-2020-03-R-linux-gtk-x86_64/eclipse/plugins/org.junit_4.13.0.v20200204-1500.jar:/home/juan/eclipse-java-2020-03-R-linux-gtk-x86_64/eclipse/plugins/org.hamcrest.core_1.3.0.v20180420-1519.jar
Launcher Type: SUN_STANDARD

Environment Variables:
PATH=/home/juan/anaconda3/condabin:/home/juan/bin:/home/juan/.local/bin:/usr/local/sbin:/usr/local/bin:/usr/sbin:/usr/bin:/sbin:/bin:/usr/games:/usr/local/games:/snap/bin
USERNAME=juan
SHELL=/bin/bash
DISPLAY=:0

Signal Handlers:
SIGSEGV: [libjvm.so+0xaaae70], sa_mask[0]=11111111011111111101111111111110, sa_flags=SA_RESTART|SA_SIGINFO
SIGBUS: [libjvm.so+0xaaae70], sa_mask[0]=11111111011111111101111111111110, sa_flags=SA_RESTART|SA_SIGINFO
SIGFPE: [libjvm.so+0x8e1240], sa_mask[0]=11111111011111111101111111111110, sa_flags=SA_RESTART|SA_SIGINFO
SIGPIPE: [libjvm.so+0x8e1240], sa_mask[0]=11111111011111111101111111111110, sa_flags=SA_RESTART|SA_SIGINFO
SIGXFSZ: [libjvm.so+0x8e1240], sa_mask[0]=11111111011111111101111111111110, sa_flags=SA_RESTART|SA_SIGINFO
SIGILL: [libjvm.so+0x8e1240], sa_mask[0]=11111111011111111101111111111110, sa_flags=SA_RESTART|SA_SIGINFO
SIGUSR1: SIG_DFL, sa_mask[0]=00000000000000000000000000000000, sa_flags=none
SIGUSR2: [libjvm.so+0x8e10f0], sa_mask[0]=00100000000000000000000000000000, sa_flags=SA_RESTART|SA_SIGINFO
SIGHUP: [libjvm.so+0x8e15a0], sa_mask[0]=11111111011111111101111111111110, sa_flags=SA_RESTART|SA_SIGINFO
SIGINT: [libjvm.so+0x8e15a0], sa_mask[0]=11111111011111111101111111111110, sa_flags=SA_RESTART|SA_SIGINFO
SIGTERM: [libjvm.so+0x8e15a0], sa_mask[0]=11111111011111111101111111111110, sa_flags=SA_RESTART|SA_SIGINFO
SIGQUIT: [libjvm.so+0x8e15a0], sa_mask[0]=11111111011111111101111111111110, sa_flags=SA_RESTART|SA_SIGINFO


---------------  S Y S T E M  ---------------

OS:DISTRIB_ID=Ubuntu
DISTRIB_RELEASE=18.04
DISTRIB_CODENAME=bionic
DISTRIB_DESCRIPTION="Ubuntu 18.04.3 LTS"

uname:Linux 5.0.0-37-generic #40~18.04.1-Ubuntu SMP Thu Nov 14 12:06:39 UTC 2019 x86_64
libc:glibc 2.27 NPTL 2.27 
rlimit: STACK 8192k, CORE 0k, NPROC 29242, NOFILE 4096, AS infinity
load average:21,89 7,28 3,26

/proc/meminfo:
MemTotal:        7600384 kB
MemFree:         1919312 kB
MemAvailable:    1835452 kB
Buffers:            1444 kB
Cached:           175184 kB
SwapCached:         9044 kB
Active:          4375888 kB
Inactive:         932504 kB
Active(anon):    4369368 kB
Inactive(anon):   884756 kB
Active(file):       6520 kB
Inactive(file):    47748 kB
Unevictable:         124 kB
Mlocked:             124 kB
SwapTotal:        488444 kB
SwapFree:            124 kB
Dirty:                20 kB
Writeback:             0 kB
AnonPages:       5123400 kB
Mapped:           157608 kB
Shmem:            121860 kB
KReclaimable:      47612 kB
Slab:             109992 kB
SReclaimable:      47612 kB
SUnreclaim:        62380 kB
KernelStack:       19120 kB
PageTables:        76648 kB
NFS_Unstable:          0 kB
Bounce:                0 kB
WritebackTmp:          0 kB
CommitLimit:     4288636 kB
Committed_AS:   13029956 kB
VmallocTotal:   34359738367 kB
VmallocUsed:           0 kB
VmallocChunk:          0 kB
Percpu:             1600 kB
HardwareCorrupted:     0 kB
AnonHugePages:      2048 kB
ShmemHugePages:        0 kB
ShmemPmdMapped:        0 kB
CmaTotal:              0 kB
CmaFree:               0 kB
HugePages_Total:       0
HugePages_Free:        0
HugePages_Rsvd:        0
HugePages_Surp:        0
Hugepagesize:       2048 kB
Hugetlb:               0 kB
DirectMap4k:      622964 kB
DirectMap2M:     7127040 kB
DirectMap1G:     1048576 kB


CPU:total 4 (initial active 4) (4 cores per cpu, 1 threads per core) family 21 model 101 stepping 1, cmov, cx8, fxsr, mmx, sse, sse2, sse3, ssse3, sse4.1, sse4.2, popcnt, avx, avx2, aes, clmul, mmxext, 3dnowpref, lzcnt, sse4a, tsc, tscinvbit, tscinv, bmi1

/proc/cpuinfo:
processor	: 0
vendor_id	: AuthenticAMD
cpu family	: 21
model		: 101
model name	: AMD A12-9720P RADEON R7, 12 COMPUTE CORES 4C+8G
stepping	: 1
microcode	: 0x600611a
cpu MHz		: 2295.677
cache size	: 1024 KB
physical id	: 0
siblings	: 4
core id		: 0
cpu cores	: 2
apicid		: 16
initial apicid	: 0
fpu		: yes
fpu_exception	: yes
cpuid level	: 13
wp		: yes
flags		: fpu vme de pse tsc msr pae mce cx8 apic sep mtrr pge mca cmov pat pse36 clflush mmx fxsr sse sse2 ht syscall nx mmxext fxsr_opt pdpe1gb rdtscp lm constant_tsc rep_good acc_power nopl nonstop_tsc cpuid extd_apicid aperfmperf pni pclmulqdq monitor ssse3 fma cx16 sse4_1 sse4_2 movbe popcnt aes xsave avx f16c lahf_lm cmp_legacy svm extapic cr8_legacy abm sse4a misalignsse 3dnowprefetch osvw ibs xop skinit wdt lwp fma4 tce nodeid_msr tbm topoext perfctr_core perfctr_nb bpext ptsc mwaitx cpb hw_pstate ssbd ibpb vmmcall fsgsbase bmi1 avx2 smep bmi2 xsaveopt arat npt lbrv svm_lock nrip_save tsc_scale vmcb_clean flushbyasid decodeassists pausefilter pfthreshold avic vgif overflow_recov
bugs		: fxsave_leak sysret_ss_attrs null_seg spectre_v1 spectre_v2 spec_store_bypass
bogomips	: 5389.90
TLB size	: 1536 4K pages
clflush size	: 64
cache_alignment	: 64
address sizes	: 48 bits physical, 48 bits virtual
power management: ts ttp tm 100mhzsteps hwpstate cpb eff_freq_ro acc_power [13]

processor	: 1
vendor_id	: AuthenticAMD
cpu family	: 21
model		: 101
model name	: AMD A12-9720P RADEON R7, 12 COMPUTE CORES 4C+8G
stepping	: 1
microcode	: 0x600611a
cpu MHz		: 2295.683
cache size	: 1024 KB
physical id	: 0
siblings	: 4
core id		: 1
cpu cores	: 2
apicid		: 17
initial apicid	: 1
fpu		: yes
fpu_exception	: yes
cpuid level	: 13
wp		: yes
flags		: fpu vme de pse tsc msr pae mce cx8 apic sep mtrr pge mca cmov pat pse36 clflush mmx fxsr sse sse2 ht syscall nx mmxext fxsr_opt pdpe1gb rdtscp lm constant_tsc rep_good acc_power nopl nonstop_tsc cpuid extd_apicid aperfmperf pni pclmulqdq monitor ssse3 fma cx16 sse4_1 sse4_2 movbe popcnt aes xsave avx f16c lahf_lm cmp_legacy svm extapic cr8_legacy abm sse4a misalignsse 3dnowprefetch osvw ibs xop skinit wdt lwp fma4 tce nodeid_msr tbm topoext perfctr_core perfctr_nb bpext ptsc mwaitx cpb hw_pstate ssbd ibpb vmmcall fsgsbase bmi1 avx2 smep bmi2 xsaveopt arat npt lbrv svm_lock nrip_save tsc_scale vmcb_clean flushbyasid decodeassists pausefilter pfthreshold avic vgif overflow_recov
bugs		: fxsave_leak sysret_ss_attrs null_seg spectre_v1 spectre_v2 spec_store_bypass
bogomips	: 5389.90
TLB size	: 1536 4K pages
clflush size	: 64
cache_alignment	: 64
address sizes	: 48 bits physical, 48 bits virtual
power management: ts ttp tm 100mhzsteps hwpstate cpb eff_freq_ro acc_power [13]

processor	: 2
vendor_id	: AuthenticAMD
cpu family	: 21
model		: 101
model name	: AMD A12-9720P RADEON R7, 12 COMPUTE CORES 4C+8G
stepping	: 1
microcode	: 0x600611a
cpu MHz		: 2295.687
cache size	: 1024 KB
physical id	: 0
siblings	: 4
core id		: 2
cpu cores	: 2
apicid		: 18
initial apicid	: 2
fpu		: yes
fpu_exception	: yes
cpuid level	: 13
wp		: yes
flags		: fpu vme de pse tsc msr pae mce cx8 apic sep mtrr pge mca cmov pat pse36 clflush mmx fxsr sse sse2 ht syscall nx mmxext fxsr_opt pdpe1gb rdtscp lm constant_tsc rep_good acc_power nopl nonstop_tsc cpuid extd_apicid aperfmperf pni pclmulqdq monitor ssse3 fma cx16 sse4_1 sse4_2 movbe popcnt aes xsave avx f16c lahf_lm cmp_legacy svm extapic cr8_legacy abm sse4a misalignsse 3dnowprefetch osvw ibs xop skinit wdt lwp fma4 tce nodeid_msr tbm topoext perfctr_core perfctr_nb bpext ptsc mwaitx cpb hw_pstate ssbd ibpb vmmcall fsgsbase bmi1 avx2 smep bmi2 xsaveopt arat npt lbrv svm_lock nrip_save tsc_scale vmcb_clean flushbyasid decodeassists pausefilter pfthreshold avic vgif overflow_recov
bugs		: fxsave_leak sysret_ss_attrs null_seg spectre_v1 spectre_v2 spec_store_bypass
bogomips	: 5389.90
TLB size	: 1536 4K pages
clflush size	: 64
cache_alignment	: 64
address sizes	: 48 bits physical, 48 bits virtual
power management: ts ttp tm 100mhzsteps hwpstate cpb eff_freq_ro acc_power [13]

processor	: 3
vendor_id	: AuthenticAMD
cpu family	: 21
model		: 101
model name	: AMD A12-9720P RADEON R7, 12 COMPUTE CORES 4C+8G
stepping	: 1
microcode	: 0x600611a
cpu MHz		: 2295.684
cache size	: 1024 KB
physical id	: 0
siblings	: 4
core id		: 3
cpu cores	: 2
apicid		: 19
initial apicid	: 3
fpu		: yes
fpu_exception	: yes
cpuid level	: 13
wp		: yes
flags		: fpu vme de pse tsc msr pae mce cx8 apic sep mtrr pge mca cmov pat pse36 clflush mmx fxsr sse sse2 ht syscall nx mmxext fxsr_opt pdpe1gb rdtscp lm constant_tsc rep_good acc_power nopl nonstop_tsc cpuid extd_apicid aperfmperf pni pclmulqdq monitor ssse3 fma cx16 sse4_1 sse4_2 movbe popcnt aes xsave avx f16c lahf_lm cmp_legacy svm extapic cr8_legacy abm sse4a misalignsse 3dnowprefetch osvw ibs xop skinit wdt lwp fma4 tce nodeid_msr tbm topoext perfctr_core perfctr_nb bpext ptsc mwaitx cpb hw_pstate ssbd ibpb vmmcall fsgsbase bmi1 avx2 smep bmi2 xsaveopt arat npt lbrv svm_lock nrip_save tsc_scale vmcb_clean flushbyasid decodeassists pausefilter pfthreshold avic vgif overflow_recov
bugs		: fxsave_leak sysret_ss_attrs null_seg spectre_v1 spectre_v2 spec_store_bypass
bogomips	: 5389.90
TLB size	: 1536 4K pages
clflush size	: 64
cache_alignment	: 64
address sizes	: 48 bits physical, 48 bits virtual
power management: ts ttp tm 100mhzsteps hwpstate cpb eff_freq_ro acc_power [13]



Memory: 4k page, physical 7600384k(1919312k free), swap 488444k(128k free)

vm_info: OpenJDK 64-Bit Server VM (25.162-b12) for linux-amd64 JRE (1.8.0_162-8u162-b12-1-b12), built on Mar 15 2018 17:19:50 by "buildd" with gcc 7.3.0

time: Sat Jun  6 00:39:12 2020
elapsed time: 37 seconds (0d 0h 0m 37s)

